stop_cocoa: line 6: deactivate: command not found
ln: cannot remove ‘/gpfs/home/kuzhong/work/cocoa_gg_split/Cocoa/external_modules/data/data’: No such file or directory
mv: cannot stat ‘/gpfs/home/kuzhong/work/cocoa_gg_split/Cocoa/external_modules/data/data’: No such file or directory
[2022-09-23 11:10:47] [[32minfo[0m][0m [90m/gpfs/home/kuzhong/work/cocoa_gg_split/Cocoa/external_modules/code/cosmolike/redshift_spline.c:881:[0m tomo.shear_zmin[0] = 0.000,tomo.shear_zmax[0] = 3.500
[2022-09-23 11:10:47] [[32minfo[0m][0m [90m/gpfs/home/kuzhong/work/cocoa_gg_split/Cocoa/external_modules/code/cosmolike/redshift_spline.c:881:[0m tomo.shear_zmin[1] = 0.000,tomo.shear_zmax[1] = 3.500
[2022-09-23 11:10:47] [[32minfo[0m][0m [90m/gpfs/home/kuzhong/work/cocoa_gg_split/Cocoa/external_modules/code/cosmolike/redshift_spline.c:881:[0m tomo.shear_zmin[2] = 0.000,tomo.shear_zmax[2] = 3.500
[2022-09-23 11:10:47] [[32minfo[0m][0m [90m/gpfs/home/kuzhong/work/cocoa_gg_split/Cocoa/external_modules/code/cosmolike/redshift_spline.c:881:[0m tomo.shear_zmin[3] = 0.000,tomo.shear_zmax[3] = 3.500
[2022-09-23 11:10:47] [[32minfo[0m][0m [90m/gpfs/home/kuzhong/work/cocoa_gg_split/Cocoa/external_modules/code/cosmolike/redshift_spline.c:1428:[0m tomo.clustering_zmin[0] = 0.110,tomo.clustering_zmax[0] = 0.380
[2022-09-23 11:10:47] [[32minfo[0m][0m [90m/gpfs/home/kuzhong/work/cocoa_gg_split/Cocoa/external_modules/code/cosmolike/redshift_spline.c:1428:[0m tomo.clustering_zmin[1] = 0.180,tomo.clustering_zmax[1] = 0.540
[2022-09-23 11:10:47] [[32minfo[0m][0m [90m/gpfs/home/kuzhong/work/cocoa_gg_split/Cocoa/external_modules/code/cosmolike/redshift_spline.c:1428:[0m tomo.clustering_zmin[2] = 0.340,tomo.clustering_zmax[2] = 0.710
[2022-09-23 11:10:47] [[32minfo[0m][0m [90m/gpfs/home/kuzhong/work/cocoa_gg_split/Cocoa/external_modules/code/cosmolike/redshift_spline.c:1428:[0m tomo.clustering_zmin[3] = 0.190,tomo.clustering_zmax[3] = 1.010
[2022-09-23 11:10:47] [[32minfo[0m][0m [90m/gpfs/home/kuzhong/work/cocoa_gg_split/Cocoa/external_modules/code/cosmolike/redshift_spline.c:1428:[0m tomo.clustering_zmin[4] = 0.540,tomo.clustering_zmax[4] = 1.100
[2022-09-23 11:10:47] [[32minfo[0m][0m [90m/gpfs/home/kuzhong/work/cocoa_gg_split/Cocoa/external_modules/code/cosmolike/redshift_spline.c:881:[0m tomo.shear_zmin[0] = 0.000,tomo.shear_zmax[0] = 3.500
[2022-09-23 11:10:47] [[32minfo[0m][0m [90m/gpfs/home/kuzhong/work/cocoa_gg_split/Cocoa/external_modules/code/cosmolike/redshift_spline.c:881:[0m tomo.shear_zmin[1] = 0.000,tomo.shear_zmax[1] = 3.500
[2022-09-23 11:10:47] [[32minfo[0m][0m [90m/gpfs/home/kuzhong/work/cocoa_gg_split/Cocoa/external_modules/code/cosmolike/redshift_spline.c:881:[0m tomo.shear_zmin[2] = 0.000,tomo.shear_zmax[2] = 3.500
[2022-09-23 11:10:47] [[32minfo[0m][0m [90m/gpfs/home/kuzhong/work/cocoa_gg_split/Cocoa/external_modules/code/cosmolike/redshift_spline.c:881:[0m tomo.shear_zmin[3] = 0.000,tomo.shear_zmax[3] = 3.500
[2022-09-23 11:10:47] [[32minfo[0m][0m [90m/gpfs/home/kuzhong/work/cocoa_gg_split/Cocoa/external_modules/code/cosmolike/redshift_spline.c:881:[0m tomo.shear_zmin[0] = 0.000,tomo.shear_zmax[0] = 3.500
[2022-09-23 11:10:47] [[32minfo[0m][0m [90m/gpfs/home/kuzhong/work/cocoa_gg_split/Cocoa/external_modules/code/cosmolike/redshift_spline.c:881:[0m tomo.shear_zmin[1] = 0.000,tomo.shear_zmax[1] = 3.500
[2022-09-23 11:10:47] [[32minfo[0m][0m [90m/gpfs/home/kuzhong/work/cocoa_gg_split/Cocoa/external_modules/code/cosmolike/redshift_spline.c:881:[0m tomo.shear_zmin[2] = 0.000,tomo.shear_zmax[2] = 3.500
[2022-09-23 11:10:47] [[32minfo[0m][0m [90m/gpfs/home/kuzhong/work/cocoa_gg_split/Cocoa/external_modules/code/cosmolike/redshift_spline.c:881:[0m tomo.shear_zmin[3] = 0.000,tomo.shear_zmax[3] = 3.500
[2022-09-23 11:10:47] [[32minfo[0m][0m [90m/gpfs/home/kuzhong/work/cocoa_gg_split/Cocoa/external_modules/code/cosmolike/redshift_spline.c:1428:[0m tomo.clustering_zmin[0] = 0.110,tomo.clustering_zmax[0] = 0.380
[2022-09-23 11:10:47] [[32minfo[0m][0m [90m/gpfs/home/kuzhong/work/cocoa_gg_split/Cocoa/external_modules/code/cosmolike/redshift_spline.c:1428:[0m tomo.clustering_zmin[1] = 0.180,tomo.clustering_zmax[1] = 0.540
[2022-09-23 11:10:47] [[32minfo[0m][0m [90m/gpfs/home/kuzhong/work/cocoa_gg_split/Cocoa/external_modules/code/cosmolike/redshift_spline.c:1428:[0m tomo.clustering_zmin[2] = 0.340,tomo.clustering_zmax[2] = 0.710
[2022-09-23 11:10:47] [[32minfo[0m][0m [90m/gpfs/home/kuzhong/work/cocoa_gg_split/Cocoa/external_modules/code/cosmolike/redshift_spline.c:1428:[0m tomo.clustering_zmin[3] = 0.190,tomo.clustering_zmax[3] = 1.010
[2022-09-23 11:10:47] [[32minfo[0m][0m [90m/gpfs/home/kuzhong/work/cocoa_gg_split/Cocoa/external_modules/code/cosmolike/redshift_spline.c:1428:[0m tomo.clustering_zmin[4] = 0.540,tomo.clustering_zmax[4] = 1.100
[2022-09-23 11:10:47] [[32minfo[0m][0m [90m/gpfs/home/kuzhong/work/cocoa_gg_split/Cocoa/external_modules/code/cosmolike/redshift_spline.c:1428:[0m tomo.clustering_zmin[0] = 0.110,tomo.clustering_zmax[0] = 0.380
[2022-09-23 11:10:47] [[32minfo[0m][0m [90m/gpfs/home/kuzhong/work/cocoa_gg_split/Cocoa/external_modules/code/cosmolike/redshift_spline.c:1428:[0m tomo.clustering_zmin[1] = 0.180,tomo.clustering_zmax[1] = 0.540
[2022-09-23 11:10:47] [[32minfo[0m][0m [90m/gpfs/home/kuzhong/work/cocoa_gg_split/Cocoa/external_modules/code/cosmolike/redshift_spline.c:1428:[0m tomo.clustering_zmin[2] = 0.340,tomo.clustering_zmax[2] = 0.710
[2022-09-23 11:10:47] [[32minfo[0m][0m [90m/gpfs/home/kuzhong/work/cocoa_gg_split/Cocoa/external_modules/code/cosmolike/redshift_spline.c:1428:[0m tomo.clustering_zmin[3] = 0.190,tomo.clustering_zmax[3] = 1.010
[2022-09-23 11:10:47] [[32minfo[0m][0m [90m/gpfs/home/kuzhong/work/cocoa_gg_split/Cocoa/external_modules/code/cosmolike/redshift_spline.c:1428:[0m tomo.clustering_zmin[4] = 0.540,tomo.clustering_zmax[4] = 1.100
[2022-09-23 11:10:47] [[32minfo[0m][0m [90m/gpfs/home/kuzhong/work/cocoa_gg_split/Cocoa/external_modules/code/cosmolike/redshift_spline.c:881:[0m tomo.shear_zmin[0] = 0.000,tomo.shear_zmax[0] = 3.500
[2022-09-23 11:10:47] [[32minfo[0m][0m [90m/gpfs/home/kuzhong/work/cocoa_gg_split/Cocoa/external_modules/code/cosmolike/redshift_spline.c:881:[0m tomo.shear_zmin[1] = 0.000,tomo.shear_zmax[1] = 3.500
[2022-09-23 11:10:47] [[32minfo[0m][0m [90m/gpfs/home/kuzhong/work/cocoa_gg_split/Cocoa/external_modules/code/cosmolike/redshift_spline.c:881:[0m tomo.shear_zmin[2] = 0.000,tomo.shear_zmax[2] = 3.500
[2022-09-23 11:10:47] [[32minfo[0m][0m [90m/gpfs/home/kuzhong/work/cocoa_gg_split/Cocoa/external_modules/code/cosmolike/redshift_spline.c:881:[0m tomo.shear_zmin[3] = 0.000,tomo.shear_zmax[3] = 3.500
[2022-09-23 11:10:47] [[32minfo[0m][0m [90m/gpfs/home/kuzhong/work/cocoa_gg_split/Cocoa/external_modules/code/cosmolike/redshift_spline.c:1428:[0m tomo.clustering_zmin[0] = 0.110,tomo.clustering_zmax[0] = 0.380
[2022-09-23 11:10:47] [[32minfo[0m][0m [90m/gpfs/home/kuzhong/work/cocoa_gg_split/Cocoa/external_modules/code/cosmolike/redshift_spline.c:1428:[0m tomo.clustering_zmin[1] = 0.180,tomo.clustering_zmax[1] = 0.540
[2022-09-23 11:10:47] [[32minfo[0m][0m [90m/gpfs/home/kuzhong/work/cocoa_gg_split/Cocoa/external_modules/code/cosmolike/redshift_spline.c:1428:[0m tomo.clustering_zmin[2] = 0.340,tomo.clustering_zmax[2] = 0.710
[2022-09-23 11:10:47] [[32minfo[0m][0m [90m/gpfs/home/kuzhong/work/cocoa_gg_split/Cocoa/external_modules/code/cosmolike/redshift_spline.c:1428:[0m tomo.clustering_zmin[3] = 0.190,tomo.clustering_zmax[3] = 1.010
[2022-09-23 11:10:47] [[32minfo[0m][0m [90m/gpfs/home/kuzhong/work/cocoa_gg_split/Cocoa/external_modules/code/cosmolike/redshift_spline.c:1428:[0m tomo.clustering_zmin[4] = 0.540,tomo.clustering_zmax[4] = 1.100
