stop_cocoa: line 6: deactivate: command not found
mv: cannot move ‘/gpfs/home/kuzhong/work/cocoa_gg_split/Cocoa/external_modules/data/data’ to ‘/gpfs/home/kuzhong/work/cocoa_gg_split/Cocoa/external_modules/data/desy1xplanck’: No such file or directory
[2022-09-20 22:06:15] [[32minfo[0m][0m [90m/gpfs/home/kuzhong/work/cocoa_gg_split/Cocoa/external_modules/code/cosmolike/redshift_spline.c:881:[0m tomo.shear_zmin[0] = 0.000,tomo.shear_zmax[0] = 3.500
[2022-09-20 22:06:15] [[32minfo[0m][0m [90m/gpfs/home/kuzhong/work/cocoa_gg_split/Cocoa/external_modules/code/cosmolike/redshift_spline.c:881:[0m tomo.shear_zmin[0] = 0.000,tomo.shear_zmax[0] = 3.500
[2022-09-20 22:06:15] [[32minfo[0m][0m [90m/gpfs/home/kuzhong/work/cocoa_gg_split/Cocoa/external_modules/code/cosmolike/redshift_spline.c:881:[0m [2022-09-20 22:06:15] [[32minfo[0m][0m [90m/gpfs/home/kuzhong/work/cocoa_gg_split/Cocoa/external_modules/code/cosmolike/redshift_spline.c:881:[0m tomo.shear_zmin[1] = 0.000,tomo.shear_zmax[1] = 3.500
tomo.shear_zmin[1] = 0.000,tomo.shear_zmax[1] = 3.500
[2022-09-20 22:06:15] [[32minfo[0m][0m [90m/gpfs/home/kuzhong/work/cocoa_gg_split/Cocoa/external_modules/code/cosmolike/redshift_spline.c:881:[0m tomo.shear_zmin[2] = 0.000,tomo.shear_zmax[2] = 3.500
[2022-09-20 22:06:15] [[32minfo[0m][0m [90m/gpfs/home/kuzhong/work/cocoa_gg_split/Cocoa/external_modules/code/cosmolike/redshift_spline.c:881:[0m tomo.shear_zmin[3] = 0.000,tomo.shear_zmax[3] = 3.500
[2022-09-20 22:06:15] [[32minfo[0m][0m [90m/gpfs/home/kuzhong/work/cocoa_gg_split/Cocoa/external_modules/code/cosmolike/redshift_spline.c:881:[0m tomo.shear_zmin[2] = 0.000,tomo.shear_zmax[2] = 3.500
[2022-09-20 22:06:15] [[32minfo[0m][0m [90m/gpfs/home/kuzhong/work/cocoa_gg_split/Cocoa/external_modules/code/cosmolike/redshift_spline.c:881:[0m tomo.shear_zmin[3] = 0.000,tomo.shear_zmax[3] = 3.500
[2022-09-20 22:06:15] [[32minfo[0m][0m [90m/gpfs/home/kuzhong/work/cocoa_gg_split/Cocoa/external_modules/code/cosmolike/redshift_spline.c:881:[0m tomo.shear_zmin[0] = 0.000,tomo.shear_zmax[0] = 3.500
[2022-09-20 22:06:15] [[32minfo[0m][0m [90m/gpfs/home/kuzhong/work/cocoa_gg_split/Cocoa/external_modules/code/cosmolike/redshift_spline.c:881:[0m tomo.shear_zmin[1] = 0.000,tomo.shear_zmax[1] = 3.500
[2022-09-20 22:06:15] [[32minfo[0m][0m [90m/gpfs/home/kuzhong/work/cocoa_gg_split/Cocoa/external_modules/code/cosmolike/redshift_spline.c:881:[0m tomo.shear_zmin[2] = 0.000,tomo.shear_zmax[2] = 3.500
[2022-09-20 22:06:15] [[32minfo[0m][0m [90m/gpfs/home/kuzhong/work/cocoa_gg_split/Cocoa/external_modules/code/cosmolike/redshift_spline.c:881:[0m tomo.shear_zmin[3] = 0.000,tomo.shear_zmax[3] = 3.500
[2022-09-20 22:06:15] [[32minfo[0m][0m [90m/gpfs/home/kuzhong/work/cocoa_gg_split/Cocoa/external_modules/code/cosmolike/redshift_spline.c:881:[0m tomo.shear_zmin[0] = 0.000,tomo.shear_zmax[0] = 3.500
[2022-09-20 22:06:15] [[32minfo[0m][0m [90m/gpfs/home/kuzhong/work/cocoa_gg_split/Cocoa/external_modules/code/cosmolike/redshift_spline.c:881:[0m tomo.shear_zmin[1] = 0.000,tomo.shear_zmax[1] = 3.500
[2022-09-20 22:06:15] [[32minfo[0m][0m [90m/gpfs/home/kuzhong/work/cocoa_gg_split/Cocoa/external_modules/code/cosmolike/redshift_spline.c:881:[0m tomo.shear_zmin[2] = 0.000,tomo.shear_zmax[2] = 3.500
[2022-09-20 22:06:15] [[32minfo[0m][0m [90m/gpfs/home/kuzhong/work/cocoa_gg_split/Cocoa/external_modules/code/cosmolike/redshift_spline.c:881:[0m tomo.shear_zmin[3] = 0.000,tomo.shear_zmax[3] = 3.500
[2022-09-20 22:06:15] [[32minfo[0m][0m [90m/gpfs/home/kuzhong/work/cocoa_gg_split/Cocoa/external_modules/code/cosmolike/redshift_spline.c:1428:[0m [2022-09-20 22:06:15] [[32minfo[0m][0m [90m/gpfs/home/kuzhong/work/cocoa_gg_split/Cocoa/external_modules/code/cosmolike/redshift_spline.c:1428:[0m tomo.clustering_zmin[0] = 0.110,tomo.clustering_zmax[0] = 0.380
[2022-09-20 22:06:15] [[32minfo[0m][0m [90m/gpfs/home/kuzhong/work/cocoa_gg_split/Cocoa/external_modules/code/cosmolike/redshift_spline.c:1428:[0m tomo.clustering_zmin[1] = 0.180,tomo.clustering_zmax[1] = 0.540
[2022-09-20 22:06:15] [[32minfo[0m][0m [90m/gpfs/home/kuzhong/work/cocoa_gg_split/Cocoa/external_modules/code/cosmolike/redshift_spline.c:1428:[0m tomo.clustering_zmin[0] = 0.110,tomo.clustering_zmax[0] = 0.380
[2022-09-20 22:06:15] [[32minfo[0m][0m [90m/gpfs/home/kuzhong/work/cocoa_gg_split/Cocoa/external_modules/code/cosmolike/redshift_spline.c:1428:[0m tomo.clustering_zmin[1] = 0.180,tomo.clustering_zmax[1] = 0.540
[2022-09-20 22:06:15] [[32minfo[0m][0m [90m/gpfs/home/kuzhong/work/cocoa_gg_split/Cocoa/external_modules/code/cosmolike/redshift_spline.c:1428:[0m tomo.clustering_zmin[2] = 0.340,tomo.clustering_zmax[2] = 0.710
[2022-09-20 22:06:15] [[32minfo[0m][0m [90m/gpfs/home/kuzhong/work/cocoa_gg_split/Cocoa/external_modules/code/cosmolike/redshift_spline.c:1428:[0m tomo.clustering_zmin[3] = 0.190,tomo.clustering_zmax[3] = 1.010
[2022-09-20 22:06:15] [[32minfo[0m][0m [90m/gpfs/home/kuzhong/work/cocoa_gg_split/Cocoa/external_modules/code/cosmolike/redshift_spline.c:1428:[0m tomo.clustering_zmin[4] = 0.540,tomo.clustering_zmax[4] = 1.100
[2022-09-20 22:06:15] [[32minfo[0m][0m [90m/gpfs/home/kuzhong/work/cocoa_gg_split/Cocoa/external_modules/code/cosmolike/redshift_spline.c:1428:[0m tomo.clustering_zmin[0] = 0.110,tomo.clustering_zmax[0] = 0.380
[2022-09-20 22:06:15] [[32minfo[0m][0m [90m/gpfs/home/kuzhong/work/cocoa_gg_split/Cocoa/external_modules/code/cosmolike/redshift_spline.c:1428:[0m tomo.clustering_zmin[1] = 0.180,tomo.clustering_zmax[1] = 0.540
[2022-09-20 22:06:15] [[32minfo[0m][0m [90m/gpfs/home/kuzhong/work/cocoa_gg_split/Cocoa/external_modules/code/cosmolike/redshift_spline.c:1428:[0m tomo.clustering_zmin[2] = 0.340,tomo.clustering_zmax[2] = 0.710
[2022-09-20 22:06:15] [[32minfo[0m][0m [90m/gpfs/home/kuzhong/work/cocoa_gg_split/Cocoa/external_modules/code/cosmolike/redshift_spline.c:1428:[0m tomo.clustering_zmin[3] = 0.190,tomo.clustering_zmax[3] = 1.010
[2022-09-20 22:06:15] [[32minfo[0m][0m [90m/gpfs/home/kuzhong/work/cocoa_gg_split/Cocoa/external_modules/code/cosmolike/redshift_spline.c:1428:[0m tomo.clustering_zmin[4] = 0.540,tomo.clustering_zmax[4] = 1.100
tomo.clustering_zmin[0] = 0.110,tomo.clustering_zmax[0] = 0.380
[2022-09-20 22:06:15] [[32minfo[0m][0m [90m/gpfs/home/kuzhong/work/cocoa_gg_split/Cocoa/external_modules/code/cosmolike/redshift_spline.c:1428:[0m tomo.clustering_zmin[1] = 0.180,tomo.clustering_zmax[1] = 0.540
[2022-09-20 22:06:15] [[32minfo[0m][0m [90m/gpfs/home/kuzhong/work/cocoa_gg_split/Cocoa/external_modules/code/cosmolike/redshift_spline.c:1428:[0m tomo.clustering_zmin[2] = 0.340,tomo.clustering_zmax[2] = 0.710
[2022-09-20 22:06:15] [[32minfo[0m][0m [90m/gpfs/home/kuzhong/work/cocoa_gg_split/Cocoa/external_modules/code/cosmolike/redshift_spline.c:1428:[0m tomo.clustering_zmin[3] = 0.190,tomo.clustering_zmax[3] = 1.010
[2022-09-20 22:06:15] [[32minfo[0m][0m [90m/gpfs/home/kuzhong/work/cocoa_gg_split/Cocoa/external_modules/code/cosmolike/redshift_spline.c:1428:[0m tomo.clustering_zmin[4] = 0.540,tomo.clustering_zmax[4] = 1.100
[2022-09-20 22:06:15] [[32minfo[0m][0m [90m/gpfs/home/kuzhong/work/cocoa_gg_split/Cocoa/external_modules/code/cosmolike/redshift_spline.c:1428:[0m tomo.clustering_zmin[2] = 0.340,tomo.clustering_zmax[2] = 0.710
[2022-09-20 22:06:15] [[32minfo[0m][0m [90m/gpfs/home/kuzhong/work/cocoa_gg_split/Cocoa/external_modules/code/cosmolike/redshift_spline.c:1428:[0m tomo.clustering_zmin[3] = 0.190,tomo.clustering_zmax[3] = 1.010
[2022-09-20 22:06:15] [[32minfo[0m][0m [90m/gpfs/home/kuzhong/work/cocoa_gg_split/Cocoa/external_modules/code/cosmolike/redshift_spline.c:1428:[0m tomo.clustering_zmin[4] = 0.540,tomo.clustering_zmax[4] = 1.100
slurmstepd: error: *** JOB 861731 ON sn047 CANCELLED AT 2022-09-22T22:05:52 DUE TO TIME LIMIT ***
