WARNING: $PATH does not agree with $PATH_modshare counter. The following directories' usage counters were adjusted to match. Note that this may mean that module unloading may not work correctly.
 /cm/local/apps/environment-modules/4.0.0//bin
[2022-10-06 23:51:15] [[32minfo[0m][0m [90m/gpfs/home/kuzhong/work/cocoa_gg_split/Cocoa/external_modules/code/cosmolike/redshift_spline.c:881:[0m tomo.shear_zmin[0] = 0.006,tomo.shear_zmax[0] = 0.741
[2022-10-06 23:51:15] [[32minfo[0m][0m [90m/gpfs/home/kuzhong/work/cocoa_gg_split/Cocoa/external_modules/code/cosmolike/redshift_spline.c:881:[0m tomo.shear_zmin[1] = 0.123,tomo.shear_zmax[1] = 0.998
[2022-10-06 23:51:15] [[32minfo[0m][0m [90m/gpfs/home/kuzhong/work/cocoa_gg_split/Cocoa/external_modules/code/cosmolike/redshift_spline.c:881:[0m tomo.shear_zmin[2] = 0.274,tomo.shear_zmax[2] = 1.324
[2022-10-06 23:51:15] [[32minfo[0m][0m [90m/gpfs/home/kuzhong/work/cocoa_gg_split/Cocoa/external_modules/code/cosmolike/redshift_spline.c:881:[0m tomo.shear_zmin[3] = 0.438,tomo.shear_zmax[3] = 1.674
[2022-10-06 23:51:15] [[32minfo[0m][0m [90m/gpfs/home/kuzhong/work/cocoa_gg_split/Cocoa/external_modules/code/cosmolike/redshift_spline.c:881:[0m tomo.shear_zmin[4] = 0.729,tomo.shear_zmax[4] = 3.494
[2022-10-06 23:51:15] [[32minfo[0m][0m [90m/gpfs/home/kuzhong/work/cocoa_gg_split/Cocoa/external_modules/code/cosmolike/redshift_spline.c:1428:[0m tomo.clustering_zmin[0] = 0.053,tomo.clustering_zmax[0] = 0.589
[2022-10-06 23:51:15] [[32minfo[0m][0m [90m/gpfs/home/kuzhong/work/cocoa_gg_split/Cocoa/external_modules/code/cosmolike/redshift_spline.c:1428:[0m tomo.clustering_zmin[1] = 0.239,tomo.clustering_zmax[1] = 0.799
[2022-10-06 23:51:15] [[32minfo[0m][0m [90m/gpfs/home/kuzhong/work/cocoa_gg_split/Cocoa/external_modules/code/cosmolike/redshift_spline.c:1428:[0m tomo.clustering_zmin[2] = 0.379,tomo.clustering_zmax[2] = 0.986
[2022-10-06 23:51:15] [[32minfo[0m][0m [90m/gpfs/home/kuzhong/work/cocoa_gg_split/Cocoa/external_modules/code/cosmolike/redshift_spline.c:1428:[0m tomo.clustering_zmin[3] = 0.519,tomo.clustering_zmax[3] = 1.208
[2022-10-06 23:51:15] [[32minfo[0m][0m [90m/gpfs/home/kuzhong/work/cocoa_gg_split/Cocoa/external_modules/code/cosmolike/redshift_spline.c:1428:[0m tomo.clustering_zmin[4] = 0.718,tomo.clustering_zmax[4] = 1.488
[2022-10-06 23:51:15] [[32minfo[0m][0m [90m/gpfs/home/kuzhong/work/cocoa_gg_split/Cocoa/external_modules/code/cosmolike/redshift_spline.c:881:[0m tomo.shear_zmin[0] = 0.006,tomo.shear_zmax[0] = 0.741
[2022-10-06 23:51:15] [[32minfo[0m][0m [90m/gpfs/home/kuzhong/work/cocoa_gg_split/Cocoa/external_modules/code/cosmolike/redshift_spline.c:881:[0m tomo.shear_zmin[1] = 0.123,tomo.shear_zmax[1] = 0.998
[2022-10-06 23:51:15] [[32minfo[0m][0m [90m/gpfs/home/kuzhong/work/cocoa_gg_split/Cocoa/external_modules/code/cosmolike/redshift_spline.c:881:[0m tomo.shear_zmin[2] = 0.274,tomo.shear_zmax[2] = 1.324
[2022-10-06 23:51:15] [[32minfo[0m][0m [90m/gpfs/home/kuzhong/work/cocoa_gg_split/Cocoa/external_modules/code/cosmolike/redshift_spline.c:881:[0m tomo.shear_zmin[3] = 0.438,tomo.shear_zmax[3] = 1.674
[2022-10-06 23:51:15] [[32minfo[0m][0m [90m/gpfs/home/kuzhong/work/cocoa_gg_split/Cocoa/external_modules/code/cosmolike/redshift_spline.c:881:[0m tomo.shear_zmin[4] = 0.729,tomo.shear_zmax[4] = 3.494
[2022-10-06 23:51:15] [[32minfo[0m][0m [90m/gpfs/home/kuzhong/work/cocoa_gg_split/Cocoa/external_modules/code/cosmolike/redshift_spline.c:1428:[0m tomo.clustering_zmin[0] = 0.053,tomo.clustering_zmax[0] = 0.589
[2022-10-06 23:51:15] [[32minfo[0m][0m [90m/gpfs/home/kuzhong/work/cocoa_gg_split/Cocoa/external_modules/code/cosmolike/redshift_spline.c:1428:[0m tomo.clustering_zmin[1] = 0.239,tomo.clustering_zmax[1] = 0.799
[2022-10-06 23:51:15] [[32minfo[0m][0m [90m/gpfs/home/kuzhong/work/cocoa_gg_split/Cocoa/external_modules/code/cosmolike/redshift_spline.c:1428:[0m tomo.clustering_zmin[2] = 0.379,tomo.clustering_zmax[2] = 0.986
[2022-10-06 23:51:15] [[32minfo[0m][0m [90m/gpfs/home/kuzhong/work/cocoa_gg_split/Cocoa/external_modules/code/cosmolike/redshift_spline.c:1428:[0m tomo.clustering_zmin[3] = 0.519,tomo.clustering_zmax[3] = 1.208
[2022-10-06 23:51:15] [[32minfo[0m][0m [90m/gpfs/home/kuzhong/work/cocoa_gg_split/Cocoa/external_modules/code/cosmolike/redshift_spline.c:1428:[0m tomo.clustering_zmin[4] = 0.718,tomo.clustering_zmax[4] = 1.488
[2022-10-06 23:51:15] [[32minfo[0m][0m [90m/gpfs/home/kuzhong/work/cocoa_gg_split/Cocoa/external_modules/code/cosmolike/redshift_spline.c:881:[0m tomo.shear_zmin[0] = 0.006,tomo.shear_zmax[0] = 0.741
[2022-10-06 23:51:15] [[32minfo[0m][0m [90m/gpfs/home/kuzhong/work/cocoa_gg_split/Cocoa/external_modules/code/cosmolike/redshift_spline.c:881:[0m tomo.shear_zmin[1] = 0.123,tomo.shear_zmax[1] = 0.998
[2022-10-06 23:51:15] [[32minfo[0m][0m [90m/gpfs/home/kuzhong/work/cocoa_gg_split/Cocoa/external_modules/code/cosmolike/redshift_spline.c:881:[0m tomo.shear_zmin[2] = 0.274,tomo.shear_zmax[2] = 1.324
[2022-10-06 23:51:15] [[32minfo[0m][0m [90m/gpfs/home/kuzhong/work/cocoa_gg_split/Cocoa/external_modules/code/cosmolike/redshift_spline.c:881:[0m tomo.shear_zmin[3] = 0.438,tomo.shear_zmax[3] = 1.674
[2022-10-06 23:51:15] [[32minfo[0m][0m [90m/gpfs/home/kuzhong/work/cocoa_gg_split/Cocoa/external_modules/code/cosmolike/redshift_spline.c:881:[0m tomo.shear_zmin[4] = 0.729,tomo.shear_zmax[4] = 3.494
[2022-10-06 23:51:15] [[32minfo[0m][0m [90m/gpfs/home/kuzhong/work/cocoa_gg_split/Cocoa/external_modules/code/cosmolike/redshift_spline.c:881:[0m tomo.shear_zmin[0] = 0.006,tomo.shear_zmax[0] = 0.741
[2022-10-06 23:51:15] [[32minfo[0m][0m [90m/gpfs/home/kuzhong/work/cocoa_gg_split/Cocoa/external_modules/code/cosmolike/redshift_spline.c:881:[0m tomo.shear_zmin[1] = 0.123,tomo.shear_zmax[1] = 0.998
[2022-10-06 23:51:15] [[32minfo[0m][0m [90m/gpfs/home/kuzhong/work/cocoa_gg_split/Cocoa/external_modules/code/cosmolike/redshift_spline.c:881:[0m tomo.shear_zmin[2] = 0.274,tomo.shear_zmax[2] = 1.324
[2022-10-06 23:51:15] [[32minfo[0m][0m [90m/gpfs/home/kuzhong/work/cocoa_gg_split/Cocoa/external_modules/code/cosmolike/redshift_spline.c:881:[0m tomo.shear_zmin[3] = 0.438,tomo.shear_zmax[3] = 1.674
[2022-10-06 23:51:15] [[32minfo[0m][0m [90m/gpfs/home/kuzhong/work/cocoa_gg_split/Cocoa/external_modules/code/cosmolike/redshift_spline.c:881:[0m tomo.shear_zmin[4] = 0.729,tomo.shear_zmax[4] = 3.494
[2022-10-06 23:51:15] [[32minfo[0m][0m [90m/gpfs/home/kuzhong/work/cocoa_gg_split/Cocoa/external_modules/code/cosmolike/redshift_spline.c:1428:[0m tomo.clustering_zmin[0] = 0.053,tomo.clustering_zmax[0] = 0.589
[2022-10-06 23:51:15] [[32minfo[0m][0m [90m/gpfs/home/kuzhong/work/cocoa_gg_split/Cocoa/external_modules/code/cosmolike/redshift_spline.c:1428:[0m tomo.clustering_zmin[1] = 0.239,tomo.clustering_zmax[1] = 0.799
[2022-10-06 23:51:15] [[32minfo[0m][0m [90m/gpfs/home/kuzhong/work/cocoa_gg_split/Cocoa/external_modules/code/cosmolike/redshift_spline.c:1428:[0m tomo.clustering_zmin[2] = 0.379,tomo.clustering_zmax[2] = 0.986
[2022-10-06 23:51:15] [[32minfo[0m][0m [90m/gpfs/home/kuzhong/work/cocoa_gg_split/Cocoa/external_modules/code/cosmolike/redshift_spline.c:1428:[0m tomo.clustering_zmin[3] = 0.519,tomo.clustering_zmax[3] = 1.208
[2022-10-06 23:51:15] [[32minfo[0m][0m [90m/gpfs/home/kuzhong/work/cocoa_gg_split/Cocoa/external_modules/code/cosmolike/redshift_spline.c:1428:[0m tomo.clustering_zmin[4] = 0.718,tomo.clustering_zmax[4] = 1.488
[2022-10-06 23:51:15] [[32minfo[0m][0m [90m/gpfs/home/kuzhong/work/cocoa_gg_split/Cocoa/external_modules/code/cosmolike/redshift_spline.c:1428:[0m tomo.clustering_zmin[0] = 0.053,tomo.clustering_zmax[0] = 0.589
[2022-10-06 23:51:15] [[32minfo[0m][0m [90m/gpfs/home/kuzhong/work/cocoa_gg_split/Cocoa/external_modules/code/cosmolike/redshift_spline.c:1428:[0m tomo.clustering_zmin[1] = 0.239,tomo.clustering_zmax[1] = 0.799
[2022-10-06 23:51:15] [[32minfo[0m][0m [90m/gpfs/home/kuzhong/work/cocoa_gg_split/Cocoa/external_modules/code/cosmolike/redshift_spline.c:1428:[0m tomo.clustering_zmin[2] = 0.379,tomo.clustering_zmax[2] = 0.986
[2022-10-06 23:51:15] [[32minfo[0m][0m [90m/gpfs/home/kuzhong/work/cocoa_gg_split/Cocoa/external_modules/code/cosmolike/redshift_spline.c:1428:[0m tomo.clustering_zmin[3] = 0.519,tomo.clustering_zmax[3] = 1.208
[2022-10-06 23:51:15] [[32minfo[0m][0m [90m/gpfs/home/kuzhong/work/cocoa_gg_split/Cocoa/external_modules/code/cosmolike/redshift_spline.c:1428:[0m tomo.clustering_zmin[4] = 0.718,tomo.clustering_zmax[4] = 1.488
[2022-10-06 23:51:15] [[32minfo[0m][0m [90m/gpfs/home/kuzhong/work/cocoa_gg_split/Cocoa/external_modules/code/cosmolike/redshift_spline.c:881:[0m tomo.shear_zmin[0] = 0.006,tomo.shear_zmax[0] = 0.741
[2022-10-06 23:51:15] [[32minfo[0m][0m [90m/gpfs/home/kuzhong/work/cocoa_gg_split/Cocoa/external_modules/code/cosmolike/redshift_spline.c:881:[0m tomo.shear_zmin[1] = 0.123,tomo.shear_zmax[1] = 0.998
[2022-10-06 23:51:15] [[32minfo[0m][0m [90m/gpfs/home/kuzhong/work/cocoa_gg_split/Cocoa/external_modules/code/cosmolike/redshift_spline.c:881:[0m tomo.shear_zmin[2] = 0.274,tomo.shear_zmax[2] = 1.324
[2022-10-06 23:51:15] [[32minfo[0m][0m [90m/gpfs/home/kuzhong/work/cocoa_gg_split/Cocoa/external_modules/code/cosmolike/redshift_spline.c:881:[0m tomo.shear_zmin[3] = 0.438,tomo.shear_zmax[3] = 1.674
[2022-10-06 23:51:15] [[32minfo[0m][0m [90m/gpfs/home/kuzhong/work/cocoa_gg_split/Cocoa/external_modules/code/cosmolike/redshift_spline.c:881:[0m tomo.shear_zmin[4] = 0.729,tomo.shear_zmax[4] = 3.494
[2022-10-06 23:51:15] [[32minfo[0m][0m [90m/gpfs/home/kuzhong/work/cocoa_gg_split/Cocoa/external_modules/code/cosmolike/redshift_spline.c:881:[0m tomo.shear_zmin[0] = 0.006,tomo.shear_zmax[0] = 0.741
[2022-10-06 23:51:15] [[32minfo[0m][0m [90m/gpfs/home/kuzhong/work/cocoa_gg_split/Cocoa/external_modules/code/cosmolike/redshift_spline.c:881:[0m tomo.shear_zmin[1] = 0.123,tomo.shear_zmax[1] = 0.998
[2022-10-06 23:51:15] [[32minfo[0m][0m [90m/gpfs/home/kuzhong/work/cocoa_gg_split/Cocoa/external_modules/code/cosmolike/redshift_spline.c:1428:[0m tomo.clustering_zmin[0] = 0.053,tomo.clustering_zmax[0] = 0.589
[2022-10-06 23:51:15] [[32minfo[0m][0m [90m/gpfs/home/kuzhong/work/cocoa_gg_split/Cocoa/external_modules/code/cosmolike/redshift_spline.c:1428:[0m tomo.clustering_zmin[1] = 0.239,tomo.clustering_zmax[1] = 0.799
[2022-10-06 23:51:15] [[32minfo[0m][0m [90m/gpfs/home/kuzhong/work/cocoa_gg_split/Cocoa/external_modules/code/cosmolike/redshift_spline.c:1428:[0m tomo.clustering_zmin[2] = 0.379,tomo.clustering_zmax[2] = 0.986
[2022-10-06 23:51:15] [[32minfo[0m][0m [90m/gpfs/home/kuzhong/work/cocoa_gg_split/Cocoa/external_modules/code/cosmolike/redshift_spline.c:1428:[0m tomo.clustering_zmin[3] = 0.519,tomo.clustering_zmax[3] = 1.208
[2022-10-06 23:51:15] [[32minfo[0m][0m [90m/gpfs/home/kuzhong/work/cocoa_gg_split/Cocoa/external_modules/code/cosmolike/redshift_spline.c:1428:[0m tomo.clustering_zmin[4] = 0.718,tomo.clustering_zmax[4] = 1.488
[2022-10-06 23:51:15] [[32minfo[0m][0m [90m/gpfs/home/kuzhong/work/cocoa_gg_split/Cocoa/external_modules/code/cosmolike/redshift_spline.c:881:[0m tomo.shear_zmin[2] = 0.274,tomo.shear_zmax[2] = 1.324
[2022-10-06 23:51:15] [[32minfo[0m][0m [90m/gpfs/home/kuzhong/work/cocoa_gg_split/Cocoa/external_modules/code/cosmolike/redshift_spline.c:881:[0m tomo.shear_zmin[3] = 0.438,tomo.shear_zmax[3] = 1.674
[2022-10-06 23:51:15] [[32minfo[0m][0m [90m/gpfs/home/kuzhong/work/cocoa_gg_split/Cocoa/external_modules/code/cosmolike/redshift_spline.c:881:[0m tomo.shear_zmin[4] = 0.729,tomo.shear_zmax[4] = 3.494
[2022-10-06 23:51:15] [[32minfo[0m][0m [90m/gpfs/home/kuzhong/work/cocoa_gg_split/Cocoa/external_modules/code/cosmolike/redshift_spline.c:881:[0m tomo.shear_zmin[0] = 0.006,tomo.shear_zmax[0] = 0.741[2022-10-06 23:51:15] [[32minfo[0m][0m [90m/gpfs/home/kuzhong/work/cocoa_gg_split/Cocoa/external_modules/code/cosmolike/redshift_spline.c:881:[0m tomo.shear_zmin[0] = 0.006,tomo.shear_zmax[0] = 0.741
[2022-10-06 23:51:15] [[32minfo[0m][0m [90m/gpfs/home/kuzhong/work/cocoa_gg_split/Cocoa/external_modules/code/cosmolike/redshift_spline.c:881:[0m tomo.shear_zmin[1] = 0.123,tomo.shear_zmax[1] = 0.998
[2022-10-06 23:51:15] [[32minfo[0m][0m [90m/gpfs/home/kuzhong/work/cocoa_gg_split/Cocoa/external_modules/code/cosmolike/redshift_spline.c:881:[0m tomo.shear_zmin[2] = 0.274,tomo.shear_zmax[2] = 1.324
[2022-10-06 23:51:15] [[32minfo[0m][0m [90m/gpfs/home/kuzhong/work/cocoa_gg_split/Cocoa/external_modules/code/cosmolike/redshift_spline.c:881:[0m tomo.shear_zmin[3] = 0.438,tomo.shear_zmax[3] = 1.674
[2022-10-06 23:51:15] [[32minfo[0m][0m [90m/gpfs/home/kuzhong/work/cocoa_gg_split/Cocoa/external_modules/code/cosmolike/redshift_spline.c:881:[0m tomo.shear_zmin[4] = 0.729,tomo.shear_zmax[4] = 3.494
[2022-10-06 23:51:15] [[32minfo[0m][0m [90m/gpfs/home/kuzhong/work/cocoa_gg_split/Cocoa/external_modules/code/cosmolike/redshift_spline.c:1428:[0m tomo.clustering_zmin[0] = 0.053,tomo.clustering_zmax[0] = 0.589
[2022-10-06 23:51:15] [[32minfo[0m][0m [90m/gpfs/home/kuzhong/work/cocoa_gg_split/Cocoa/external_modules/code/cosmolike/redshift_spline.c:1428:[0m tomo.clustering_zmin[1] = 0.239,tomo.clustering_zmax[1] = 0.799
[2022-10-06 23:51:15] [[32minfo[0m][0m [90m/gpfs/home/kuzhong/work/cocoa_gg_split/Cocoa/external_modules/code/cosmolike/redshift_spline.c:1428:[0m tomo.clustering_zmin[2] = 0.379,tomo.clustering_zmax[2] = 0.986
[2022-10-06 23:51:15] [[32minfo[0m][0m [90m/gpfs/home/kuzhong/work/cocoa_gg_split/Cocoa/external_modules/code/cosmolike/redshift_spline.c:1428:[0m tomo.clustering_zmin[3] = 0.519,tomo.clustering_zmax[3] = 1.208
[2022-10-06 23:51:15] [[32minfo[0m][0m [90m/gpfs/home/kuzhong/work/cocoa_gg_split/Cocoa/external_modules/code/cosmolike/redshift_spline.c:1428:[0m tomo.clustering_zmin[4] = 0.718,tomo.clustering_zmax[4] = 1.488

[2022-10-06 23:51:15] [[32minfo[0m][0m [90m/gpfs/home/kuzhong/work/cocoa_gg_split/Cocoa/external_modules/code/cosmolike/redshift_spline.c:881:[0m tomo.shear_zmin[1] = 0.123,tomo.shear_zmax[1] = 0.998
[2022-10-06 23:51:15] [[32minfo[0m][0m [90m/gpfs/home/kuzhong/work/cocoa_gg_split/Cocoa/external_modules/code/cosmolike/redshift_spline.c:881:[0m tomo.shear_zmin[2] = 0.274,tomo.shear_zmax[2] = 1.324
[2022-10-06 23:51:15] [[32minfo[0m][0m [90m/gpfs/home/kuzhong/work/cocoa_gg_split/Cocoa/external_modules/code/cosmolike/redshift_spline.c:881:[0m tomo.shear_zmin[3] = 0.438,tomo.shear_zmax[3] = 1.674
[2022-10-06 23:51:15] [[32minfo[0m][0m [90m/gpfs/home/kuzhong/work/cocoa_gg_split/Cocoa/external_modules/code/cosmolike/redshift_spline.c:881:[0m tomo.shear_zmin[4] = 0.729,tomo.shear_zmax[4] = 3.494
[2022-10-06 23:51:15] [[32minfo[0m][0m [90m/gpfs/home/kuzhong/work/cocoa_gg_split/Cocoa/external_modules/code/cosmolike/redshift_spline.c:1428:[0m tomo.clustering_zmin[0] = 0.053,tomo.clustering_zmax[0] = 0.589
[2022-10-06 23:51:15] [[32minfo[0m][0m [90m/gpfs/home/kuzhong/work/cocoa_gg_split/Cocoa/external_modules/code/cosmolike/redshift_spline.c:1428:[0m tomo.clustering_zmin[1] = 0.239,tomo.clustering_zmax[1] = 0.799
[2022-10-06 23:51:15] [[32minfo[0m][0m [90m/gpfs/home/kuzhong/work/cocoa_gg_split/Cocoa/external_modules/code/cosmolike/redshift_spline.c:1428:[0m tomo.clustering_zmin[2] = 0.379,tomo.clustering_zmax[2] = 0.986
[2022-10-06 23:51:15] [[32minfo[0m][0m [90m/gpfs/home/kuzhong/work/cocoa_gg_split/Cocoa/external_modules/code/cosmolike/redshift_spline.c:1428:[0m tomo.clustering_zmin[3] = 0.519,tomo.clustering_zmax[3] = 1.208
[2022-10-06 23:51:15] [[32minfo[0m][0m [90m/gpfs/home/kuzhong/work/cocoa_gg_split/Cocoa/external_modules/code/cosmolike/redshift_spline.c:1428:[0m tomo.clustering_zmin[4] = 0.718,tomo.clustering_zmax[4] = 1.488
[2022-10-06 23:51:15] [[32minfo[0m][0m [90m/gpfs/home/kuzhong/work/cocoa_gg_split/Cocoa/external_modules/code/cosmolike/redshift_spline.c:1428:[0m tomo.clustering_zmin[0] = 0.053,tomo.clustering_zmax[0] = 0.589
[2022-10-06 23:51:15] [[32minfo[0m][0m [90m/gpfs/home/kuzhong/work/cocoa_gg_split/Cocoa/external_modules/code/cosmolike/redshift_spline.c:1428:[0m tomo.clustering_zmin[1] = 0.239,tomo.clustering_zmax[1] = 0.799
[2022-10-06 23:51:15] [[32minfo[0m][0m [90m/gpfs/home/kuzhong/work/cocoa_gg_split/Cocoa/external_modules/code/cosmolike/redshift_spline.c:1428:[0m tomo.clustering_zmin[2] = 0.379,tomo.clustering_zmax[2] = 0.986
[2022-10-06 23:51:15] [[32minfo[0m][0m [90m/gpfs/home/kuzhong/work/cocoa_gg_split/Cocoa/external_modules/code/cosmolike/redshift_spline.c:1428:[0m tomo.clustering_zmin[3] = 0.519,tomo.clustering_zmax[3] = 1.208
[2022-10-06 23:51:15] [[32minfo[0m][0m [90m/gpfs/home/kuzhong/work/cocoa_gg_split/Cocoa/external_modules/code/cosmolike/redshift_spline.c:1428:[0m tomo.clustering_zmin[4] = 0.718,tomo.clustering_zmax[4] = 1.488
[2022-10-06 23:51:15] [[32minfo[0m][0m [90m/gpfs/home/kuzhong/work/cocoa_gg_split/Cocoa/external_modules/code/cosmolike/redshift_spline.c:881:[0m tomo.shear_zmin[0] = 0.006,tomo.shear_zmax[0] = 0.741
[2022-10-06 23:51:15] [[32minfo[0m][0m [90m/gpfs/home/kuzhong/work/cocoa_gg_split/Cocoa/external_modules/code/cosmolike/redshift_spline.c:881:[0m tomo.shear_zmin[1] = 0.123,tomo.shear_zmax[1] = 0.998
[2022-10-06 23:51:15] [[32minfo[0m][0m [90m/gpfs/home/kuzhong/work/cocoa_gg_split/Cocoa/external_modules/code/cosmolike/redshift_spline.c:881:[0m tomo.shear_zmin[2] = 0.274,tomo.shear_zmax[2] = 1.324
[2022-10-06 23:51:15] [[32minfo[0m][0m [90m/gpfs/home/kuzhong/work/cocoa_gg_split/Cocoa/external_modules/code/cosmolike/redshift_spline.c:881:[0m tomo.shear_zmin[3] = 0.438,tomo.shear_zmax[3] = 1.674
[2022-10-06 23:51:15] [[32minfo[0m][0m [90m/gpfs/home/kuzhong/work/cocoa_gg_split/Cocoa/external_modules/code/cosmolike/redshift_spline.c:881:[0m tomo.shear_zmin[4] = 0.729,tomo.shear_zmax[4] = 3.494
[2022-10-06 23:51:15] [[32minfo[0m][0m [90m/gpfs/home/kuzhong/work/cocoa_gg_split/Cocoa/external_modules/code/cosmolike/redshift_spline.c:881:[0m tomo.shear_zmin[0] = 0.006,tomo.shear_zmax[0] = 0.741
[2022-10-06 23:51:15] [[32minfo[0m][0m [90m/gpfs/home/kuzhong/work/cocoa_gg_split/Cocoa/external_modules/code/cosmolike/redshift_spline.c:881:[0m tomo.shear_zmin[1] = 0.123,tomo.shear_zmax[1] = 0.998
[2022-10-06 23:51:15] [[32minfo[0m][0m [90m/gpfs/home/kuzhong/work/cocoa_gg_split/Cocoa/external_modules/code/cosmolike/redshift_spline.c:881:[0m tomo.shear_zmin[2] = 0.274,tomo.shear_zmax[2] = 1.324
[2022-10-06 23:51:15] [[32minfo[0m][0m [90m/gpfs/home/kuzhong/work/cocoa_gg_split/Cocoa/external_modules/code/cosmolike/redshift_spline.c:881:[0m tomo.shear_zmin[3] = 0.438,tomo.shear_zmax[3] = 1.674
[2022-10-06 23:51:15] [[32minfo[0m][0m [90m/gpfs/home/kuzhong/work/cocoa_gg_split/Cocoa/external_modules/code/cosmolike/redshift_spline.c:881:[0m tomo.shear_zmin[4] = 0.729,tomo.shear_zmax[4] = 3.494
[2022-10-06 23:51:15] [[32minfo[0m][0m [90m/gpfs/home/kuzhong/work/cocoa_gg_split/Cocoa/external_modules/code/cosmolike/redshift_spline.c:1428:[0m tomo.clustering_zmin[0] = 0.053,tomo.clustering_zmax[0] = 0.589
[2022-10-06 23:51:15] [[32minfo[0m][0m [90m/gpfs/home/kuzhong/work/cocoa_gg_split/Cocoa/external_modules/code/cosmolike/redshift_spline.c:1428:[0m tomo.clustering_zmin[1] = 0.239,tomo.clustering_zmax[1] = 0.799
[2022-10-06 23:51:15] [[32minfo[0m][0m [90m/gpfs/home/kuzhong/work/cocoa_gg_split/Cocoa/external_modules/code/cosmolike/redshift_spline.c:1428:[0m tomo.clustering_zmin[2] = 0.379,tomo.clustering_zmax[2] = 0.986
[2022-10-06 23:51:15] [[32minfo[0m][0m [90m/gpfs/home/kuzhong/work/cocoa_gg_split/Cocoa/external_modules/code/cosmolike/redshift_spline.c:1428:[0m tomo.clustering_zmin[3] = 0.519,tomo.clustering_zmax[3] = 1.208
[2022-10-06 23:51:15] [[32minfo[0m][0m [90m/gpfs/home/kuzhong/work/cocoa_gg_split/Cocoa/external_modules/code/cosmolike/redshift_spline.c:1428:[0m tomo.clustering_zmin[4] = 0.718,tomo.clustering_zmax[4] = 1.488
[2022-10-06 23:51:15] [[32minfo[0m][0m [90m/gpfs/home/kuzhong/work/cocoa_gg_split/Cocoa/external_modules/code/cosmolike/redshift_spline.c:1428:[0m tomo.clustering_zmin[0] = 0.053,tomo.clustering_zmax[0] = 0.589
[2022-10-06 23:51:15] [[32minfo[0m][0m [90m/gpfs/home/kuzhong/work/cocoa_gg_split/Cocoa/external_modules/code/cosmolike/redshift_spline.c:1428:[0m tomo.clustering_zmin[1] = 0.239,tomo.clustering_zmax[1] = 0.799
[2022-10-06 23:51:15] [[32minfo[0m][0m [90m/gpfs/home/kuzhong/work/cocoa_gg_split/Cocoa/external_modules/code/cosmolike/redshift_spline.c:1428:[0m tomo.clustering_zmin[2] = 0.379,tomo.clustering_zmax[2] = 0.986
[2022-10-06 23:51:15] [[32minfo[0m][0m [90m/gpfs/home/kuzhong/work/cocoa_gg_split/Cocoa/external_modules/code/cosmolike/redshift_spline.c:1428:[0m tomo.clustering_zmin[3] = 0.519,tomo.clustering_zmax[3] = 1.208
[2022-10-06 23:51:15] [[32minfo[0m][0m [90m/gpfs/home/kuzhong/work/cocoa_gg_split/Cocoa/external_modules/code/cosmolike/redshift_spline.c:1428:[0m tomo.clustering_zmin[4] = 0.718,tomo.clustering_zmax[4] = 1.488
[2022-10-06 23:51:15] [[32minfo[0m][0m [90m/gpfs/home/kuzhong/work/cocoa_gg_split/Cocoa/external_modules/code/cosmolike/redshift_spline.c:881:[0m tomo.shear_zmin[0] = 0.006,tomo.shear_zmax[0] = 0.741
[2022-10-06 23:51:15] [[32minfo[0m][0m [90m/gpfs/home/kuzhong/work/cocoa_gg_split/Cocoa/external_modules/code/cosmolike/redshift_spline.c:881:[0m tomo.shear_zmin[1] = 0.123,tomo.shear_zmax[1] = 0.998
[2022-10-06 23:51:15] [[32minfo[0m][0m [90m/gpfs/home/kuzhong/work/cocoa_gg_split/Cocoa/external_modules/code/cosmolike/redshift_spline.c:881:[0m tomo.shear_zmin[2] = 0.274,tomo.shear_zmax[2] = 1.324
[2022-10-06 23:51:15] [[32minfo[0m][0m [90m/gpfs/home/kuzhong/work/cocoa_gg_split/Cocoa/external_modules/code/cosmolike/redshift_spline.c:881:[0m tomo.shear_zmin[3] = 0.438,tomo.shear_zmax[3] = 1.674
[2022-10-06 23:51:15] [[32minfo[0m][0m [90m/gpfs/home/kuzhong/work/cocoa_gg_split/Cocoa/external_modules/code/cosmolike/redshift_spline.c:881:[0m tomo.shear_zmin[4] = 0.729,tomo.shear_zmax[4] = 3.494
[2022-10-06 23:51:15] [[32minfo[0m][0m [90m/gpfs/home/kuzhong/work/cocoa_gg_split/Cocoa/external_modules/code/cosmolike/redshift_spline.c:1428:[0m tomo.clustering_zmin[0] = 0.053,tomo.clustering_zmax[0] = 0.589
[2022-10-06 23:51:15] [[32minfo[0m][0m [90m/gpfs/home/kuzhong/work/cocoa_gg_split/Cocoa/external_modules/code/cosmolike/redshift_spline.c:1428:[0m tomo.clustering_zmin[1] = 0.239,tomo.clustering_zmax[1] = 0.799
[2022-10-06 23:51:15] [[32minfo[0m][0m [90m/gpfs/home/kuzhong/work/cocoa_gg_split/Cocoa/external_modules/code/cosmolike/redshift_spline.c:1428:[0m tomo.clustering_zmin[2] = 0.379,tomo.clustering_zmax[2] = 0.986
[2022-10-06 23:51:15] [[32minfo[0m][0m [90m/gpfs/home/kuzhong/work/cocoa_gg_split/Cocoa/external_modules/code/cosmolike/redshift_spline.c:1428:[0m tomo.clustering_zmin[3] = 0.519,tomo.clustering_zmax[3] = 1.208
[2022-10-06 23:51:15] [[32minfo[0m][0m [90m/gpfs/home/kuzhong/work/cocoa_gg_split/Cocoa/external_modules/code/cosmolike/redshift_spline.c:1428:[0m tomo.clustering_zmin[4] = 0.718,tomo.clustering_zmax[4] = 1.488
[2022-10-06 23:51:15] [[32minfo[0m][0m [90m/gpfs/home/kuzhong/work/cocoa_gg_split/Cocoa/external_modules/code/cosmolike/redshift_spline.c:881:[0m tomo.shear_zmin[0] = 0.006,tomo.shear_zmax[0] = 0.741
[2022-10-06 23:51:15] [[32minfo[0m][0m [90m/gpfs/home/kuzhong/work/cocoa_gg_split/Cocoa/external_modules/code/cosmolike/redshift_spline.c:881:[0m tomo.shear_zmin[1] = 0.123,tomo.shear_zmax[1] = 0.998
[2022-10-06 23:51:15] [[32minfo[0m][0m [90m/gpfs/home/kuzhong/work/cocoa_gg_split/Cocoa/external_modules/code/cosmolike/redshift_spline.c:881:[0m tomo.shear_zmin[2] = 0.274,tomo.shear_zmax[2] = 1.324
[2022-10-06 23:51:15] [[32minfo[0m][0m [90m/gpfs/home/kuzhong/work/cocoa_gg_split/Cocoa/external_modules/code/cosmolike/redshift_spline.c:881:[0m tomo.shear_zmin[3] = 0.438,tomo.shear_zmax[3] = 1.674
[2022-10-06 23:51:15] [[32minfo[0m][0m [90m/gpfs/home/kuzhong/work/cocoa_gg_split/Cocoa/external_modules/code/cosmolike/redshift_spline.c:881:[0m tomo.shear_zmin[4] = 0.729,tomo.shear_zmax[4] = 3.494
[2022-10-06 23:51:15] [[32minfo[0m][0m [90m/gpfs/home/kuzhong/work/cocoa_gg_split/Cocoa/external_modules/code/cosmolike/redshift_spline.c:881:[0m tomo.shear_zmin[0] = 0.006,tomo.shear_zmax[0] = 0.741
[2022-10-06 23:51:15] [[32minfo[0m][0m [90m/gpfs/home/kuzhong/work/cocoa_gg_split/Cocoa/external_modules/code/cosmolike/redshift_spline.c:881:[0m tomo.shear_zmin[1] = 0.123,tomo.shear_zmax[1] = 0.998
[2022-10-06 23:51:15] [[32minfo[0m][0m [90m/gpfs/home/kuzhong/work/cocoa_gg_split/Cocoa/external_modules/code/cosmolike/redshift_spline.c:881:[0m tomo.shear_zmin[2] = 0.274,tomo.shear_zmax[2] = 1.324
[2022-10-06 23:51:15] [[32minfo[0m][0m [90m/gpfs/home/kuzhong/work/cocoa_gg_split/Cocoa/external_modules/code/cosmolike/redshift_spline.c:881:[0m tomo.shear_zmin[3] = 0.438,tomo.shear_zmax[3] = 1.674
[2022-10-06 23:51:15] [[32minfo[0m][0m [90m/gpfs/home/kuzhong/work/cocoa_gg_split/Cocoa/external_modules/code/cosmolike/redshift_spline.c:881:[0m tomo.shear_zmin[4] = 0.729,tomo.shear_zmax[4] = 3.494
[2022-10-06 23:51:15] [[32minfo[0m][0m [90m/gpfs/home/kuzhong/work/cocoa_gg_split/Cocoa/external_modules/code/cosmolike/redshift_spline.c:1428:[0m tomo.clustering_zmin[0] = 0.053,tomo.clustering_zmax[0] = 0.589
[2022-10-06 23:51:15] [[32minfo[0m][0m [90m/gpfs/home/kuzhong/work/cocoa_gg_split/Cocoa/external_modules/code/cosmolike/redshift_spline.c:1428:[0m tomo.clustering_zmin[1] = 0.239,tomo.clustering_zmax[1] = 0.799
[2022-10-06 23:51:15] [[32minfo[0m][0m [90m/gpfs/home/kuzhong/work/cocoa_gg_split/Cocoa/external_modules/code/cosmolike/redshift_spline.c:1428:[0m tomo.clustering_zmin[2] = 0.379,tomo.clustering_zmax[2] = 0.986
[2022-10-06 23:51:15] [[32minfo[0m][0m [90m/gpfs/home/kuzhong/work/cocoa_gg_split/Cocoa/external_modules/code/cosmolike/redshift_spline.c:1428:[0m tomo.clustering_zmin[3] = 0.519,tomo.clustering_zmax[3] = 1.208
[2022-10-06 23:51:15] [[32minfo[0m][0m [90m/gpfs/home/kuzhong/work/cocoa_gg_split/Cocoa/external_modules/code/cosmolike/redshift_spline.c:1428:[0m tomo.clustering_zmin[4] = 0.718,tomo.clustering_zmax[4] = 1.488
[2022-10-06 23:51:15] [[32minfo[0m][0m [90m/gpfs/home/kuzhong/work/cocoa_gg_split/Cocoa/external_modules/code/cosmolike/redshift_spline.c:1428:[0m tomo.clustering_zmin[0] = 0.053,tomo.clustering_zmax[0] = 0.589
[2022-10-06 23:51:15] [[32minfo[0m][0m [90m/gpfs/home/kuzhong/work/cocoa_gg_split/Cocoa/external_modules/code/cosmolike/redshift_spline.c:1428:[0m tomo.clustering_zmin[1] = 0.239,tomo.clustering_zmax[1] = 0.799
[2022-10-06 23:51:15] [[32minfo[0m][0m [90m/gpfs/home/kuzhong/work/cocoa_gg_split/Cocoa/external_modules/code/cosmolike/redshift_spline.c:1428:[0m tomo.clustering_zmin[2] = 0.379,tomo.clustering_zmax[2] = 0.986
[2022-10-06 23:51:15] [[32minfo[0m][0m [90m/gpfs/home/kuzhong/work/cocoa_gg_split/Cocoa/external_modules/code/cosmolike/redshift_spline.c:1428:[0m tomo.clustering_zmin[3] = 0.519,tomo.clustering_zmax[3] = 1.208
[2022-10-06 23:51:15] [[32minfo[0m][0m [90m/gpfs/home/kuzhong/work/cocoa_gg_split/Cocoa/external_modules/code/cosmolike/redshift_spline.c:1428:[0m tomo.clustering_zmin[4] = 0.718,tomo.clustering_zmax[4] = 1.488
[2022-10-06 23:51:15] [[32minfo[0m][0m [90m/gpfs/home/kuzhong/work/cocoa_gg_split/Cocoa/external_modules/code/cosmolike/redshift_spline.c:881:[0m tomo.shear_zmin[0] = 0.006,tomo.shear_zmax[0] = 0.741
[2022-10-06 23:51:15] [[32minfo[0m][0m [90m/gpfs/home/kuzhong/work/cocoa_gg_split/Cocoa/external_modules/code/cosmolike/redshift_spline.c:881:[0m tomo.shear_zmin[1] = 0.123,tomo.shear_zmax[1] = 0.998
[2022-10-06 23:51:15] [[32minfo[0m][0m [90m/gpfs/home/kuzhong/work/cocoa_gg_split/Cocoa/external_modules/code/cosmolike/redshift_spline.c:881:[0m tomo.shear_zmin[2] = 0.274,tomo.shear_zmax[2] = 1.324
[2022-10-06 23:51:15] [[32minfo[0m][0m [90m/gpfs/home/kuzhong/work/cocoa_gg_split/Cocoa/external_modules/code/cosmolike/redshift_spline.c:881:[0m tomo.shear_zmin[3] = 0.438,tomo.shear_zmax[3] = 1.674
[2022-10-06 23:51:15] [[32minfo[0m][0m [90m/gpfs/home/kuzhong/work/cocoa_gg_split/Cocoa/external_modules/code/cosmolike/redshift_spline.c:881:[0m tomo.shear_zmin[4] = 0.729,tomo.shear_zmax[4] = 3.494
[2022-10-06 23:51:15] [[32minfo[0m][0m [90m/gpfs/home/kuzhong/work/cocoa_gg_split/Cocoa/external_modules/code/cosmolike/redshift_spline.c:881:[0m tomo.shear_zmin[0] = 0.006,tomo.shear_zmax[0] = 0.741
[2022-10-06 23:51:15] [[32minfo[0m][0m [90m/gpfs/home/kuzhong/work/cocoa_gg_split/Cocoa/external_modules/code/cosmolike/redshift_spline.c:881:[0m tomo.shear_zmin[1] = 0.123,tomo.shear_zmax[1] = 0.998
[2022-10-06 23:51:15] [[32minfo[0m][0m [90m/gpfs/home/kuzhong/work/cocoa_gg_split/Cocoa/external_modules/code/cosmolike/redshift_spline.c:881:[0m tomo.shear_zmin[2] = 0.274,tomo.shear_zmax[2] = 1.324
[2022-10-06 23:51:15] [[32minfo[0m][0m [90m/gpfs/home/kuzhong/work/cocoa_gg_split/Cocoa/external_modules/code/cosmolike/redshift_spline.c:881:[0m tomo.shear_zmin[3] = 0.438,tomo.shear_zmax[3] = 1.674
[2022-10-06 23:51:15] [[32minfo[0m][0m [90m/gpfs/home/kuzhong/work/cocoa_gg_split/Cocoa/external_modules/code/cosmolike/redshift_spline.c:881:[0m tomo.shear_zmin[4] = 0.729,tomo.shear_zmax[4] = 3.494
[2022-10-06 23:51:15] [[32minfo[0m][0m [90m/gpfs/home/kuzhong/work/cocoa_gg_split/Cocoa/external_modules/code/cosmolike/redshift_spline.c:1428:[0m tomo.clustering_zmin[0] = 0.053,tomo.clustering_zmax[0] = 0.589
[2022-10-06 23:51:15] [[32minfo[0m][0m [90m/gpfs/home/kuzhong/work/cocoa_gg_split/Cocoa/external_modules/code/cosmolike/redshift_spline.c:1428:[0m tomo.clustering_zmin[1] = 0.239,tomo.clustering_zmax[1] = 0.799
[2022-10-06 23:51:15] [[32minfo[0m][0m [90m/gpfs/home/kuzhong/work/cocoa_gg_split/Cocoa/external_modules/code/cosmolike/redshift_spline.c:1428:[0m tomo.clustering_zmin[2] = 0.379,tomo.clustering_zmax[2] = 0.986
[2022-10-06 23:51:15] [[32minfo[0m][0m [90m/gpfs/home/kuzhong/work/cocoa_gg_split/Cocoa/external_modules/code/cosmolike/redshift_spline.c:1428:[0m tomo.clustering_zmin[3] = 0.519,tomo.clustering_zmax[3] = 1.208
[2022-10-06 23:51:15] [[32minfo[0m][0m [90m/gpfs/home/kuzhong/work/cocoa_gg_split/Cocoa/external_modules/code/cosmolike/redshift_spline.c:1428:[0m tomo.clustering_zmin[4] = 0.718,tomo.clustering_zmax[4] = 1.488
[2022-10-06 23:51:15] [[32minfo[0m][0m [90m/gpfs/home/kuzhong/work/cocoa_gg_split/Cocoa/external_modules/code/cosmolike/redshift_spline.c:1428:[0m tomo.clustering_zmin[0] = 0.053,tomo.clustering_zmax[0] = 0.589
[2022-10-06 23:51:15] [[32minfo[0m][0m [90m/gpfs/home/kuzhong/work/cocoa_gg_split/Cocoa/external_modules/code/cosmolike/redshift_spline.c:1428:[0m tomo.clustering_zmin[1] = 0.239,tomo.clustering_zmax[1] = 0.799
[2022-10-06 23:51:15] [[32minfo[0m][0m [90m/gpfs/home/kuzhong/work/cocoa_gg_split/Cocoa/external_modules/code/cosmolike/redshift_spline.c:1428:[0m tomo.clustering_zmin[2] = 0.379,tomo.clustering_zmax[2] = 0.986
[2022-10-06 23:51:15] [[32minfo[0m][0m [90m/gpfs/home/kuzhong/work/cocoa_gg_split/Cocoa/external_modules/code/cosmolike/redshift_spline.c:1428:[0m tomo.clustering_zmin[3] = 0.519,tomo.clustering_zmax[3] = 1.208
[2022-10-06 23:51:15] [[32minfo[0m][0m [90m/gpfs/home/kuzhong/work/cocoa_gg_split/Cocoa/external_modules/code/cosmolike/redshift_spline.c:1428:[0m tomo.clustering_zmin[4] = 0.718,tomo.clustering_zmax[4] = 1.488
[2022-10-06 23:51:15] [[32minfo[0m][0m [90m/gpfs/home/kuzhong/work/cocoa_gg_split/Cocoa/external_modules/code/cosmolike/redshift_spline.c:881:[0m tomo.shear_zmin[0] = 0.006,tomo.shear_zmax[0] = 0.741
[2022-10-06 23:51:15] [[32minfo[0m][0m [90m/gpfs/home/kuzhong/work/cocoa_gg_split/Cocoa/external_modules/code/cosmolike/redshift_spline.c:881:[0m tomo.shear_zmin[1] = 0.123,tomo.shear_zmax[1] = 0.998
[2022-10-06 23:51:15] [[32minfo[0m][0m [90m/gpfs/home/kuzhong/work/cocoa_gg_split/Cocoa/external_modules/code/cosmolike/redshift_spline.c:881:[0m tomo.shear_zmin[2] = 0.274,tomo.shear_zmax[2] = 1.324
[2022-10-06 23:51:15] [[32minfo[0m][0m [90m/gpfs/home/kuzhong/work/cocoa_gg_split/Cocoa/external_modules/code/cosmolike/redshift_spline.c:881:[0m tomo.shear_zmin[3] = 0.438,tomo.shear_zmax[3] = 1.674
[2022-10-06 23:51:15] [[32minfo[0m][0m [90m/gpfs/home/kuzhong/work/cocoa_gg_split/Cocoa/external_modules/code/cosmolike/redshift_spline.c:881:[0m tomo.shear_zmin[4] = 0.729,tomo.shear_zmax[4] = 3.494
[2022-10-06 23:51:15] [[32minfo[0m][0m [90m/gpfs/home/kuzhong/work/cocoa_gg_split/Cocoa/external_modules/code/cosmolike/redshift_spline.c:1428:[0m tomo.clustering_zmin[0] = 0.053,tomo.clustering_zmax[0] = 0.589
[2022-10-06 23:51:15] [[32minfo[0m][0m [90m/gpfs/home/kuzhong/work/cocoa_gg_split/Cocoa/external_modules/code/cosmolike/redshift_spline.c:1428:[0m tomo.clustering_zmin[1] = 0.239,tomo.clustering_zmax[1] = 0.799
[2022-10-06 23:51:15] [[32minfo[0m][0m [90m/gpfs/home/kuzhong/work/cocoa_gg_split/Cocoa/external_modules/code/cosmolike/redshift_spline.c:1428:[0m tomo.clustering_zmin[2] = 0.379,tomo.clustering_zmax[2] = 0.986
[2022-10-06 23:51:15] [[32minfo[0m][0m [90m/gpfs/home/kuzhong/work/cocoa_gg_split/Cocoa/external_modules/code/cosmolike/redshift_spline.c:1428:[0m tomo.clustering_zmin[3] = 0.519,tomo.clustering_zmax[3] = 1.208
[2022-10-06 23:51:15] [[32minfo[0m][0m [90m/gpfs/home/kuzhong/work/cocoa_gg_split/Cocoa/external_modules/code/cosmolike/redshift_spline.c:1428:[0m tomo.clustering_zmin[4] = 0.718,tomo.clustering_zmax[4] = 1.488
[2022-10-06 23:51:15] [[32minfo[0m][0m [90m/gpfs/home/kuzhong/work/cocoa_gg_split/Cocoa/external_modules/code/cosmolike/redshift_spline.c:881:[0m tomo.shear_zmin[0] = 0.006,tomo.shear_zmax[0] = 0.741
[2022-10-06 23:51:15] [[32minfo[0m][0m [90m/gpfs/home/kuzhong/work/cocoa_gg_split/Cocoa/external_modules/code/cosmolike/redshift_spline.c:881:[0m tomo.shear_zmin[1] = 0.123,tomo.shear_zmax[1] = 0.998
[2022-10-06 23:51:15] [[32minfo[0m][0m [90m/gpfs/home/kuzhong/work/cocoa_gg_split/Cocoa/external_modules/code/cosmolike/redshift_spline.c:881:[0m tomo.shear_zmin[0] = 0.006,tomo.shear_zmax[0] = 0.741
[2022-10-06 23:51:15] [[32minfo[0m][0m [90m/gpfs/home/kuzhong/work/cocoa_gg_split/Cocoa/external_modules/code/cosmolike/redshift_spline.c:881:[0m tomo.shear_zmin[1] = 0.123,tomo.shear_zmax[1] = 0.998
[2022-10-06 23:51:15] [[32minfo[0m][0m [90m/gpfs/home/kuzhong/work/cocoa_gg_split/Cocoa/external_modules/code/cosmolike/redshift_spline.c:881:[0m tomo.shear_zmin[2] = 0.274,tomo.shear_zmax[2] = 1.324
[2022-10-06 23:51:15] [[32minfo[0m][0m [90m/gpfs/home/kuzhong/work/cocoa_gg_split/Cocoa/external_modules/code/cosmolike/redshift_spline.c:881:[0m tomo.shear_zmin[3] = 0.438,tomo.shear_zmax[3] = 1.674
[2022-10-06 23:51:15] [[32minfo[0m][0m [90m/gpfs/home/kuzhong/work/cocoa_gg_split/Cocoa/external_modules/code/cosmolike/redshift_spline.c:881:[0m tomo.shear_zmin[4] = 0.729,tomo.shear_zmax[4] = 3.494
[2022-10-06 23:51:15] [[32minfo[0m][0m [90m/gpfs/home/kuzhong/work/cocoa_gg_split/Cocoa/external_modules/code/cosmolike/redshift_spline.c:881:[0m tomo.shear_zmin[2] = 0.274,tomo.shear_zmax[2] = 1.324
[2022-10-06 23:51:15] [[32minfo[0m][0m [90m/gpfs/home/kuzhong/work/cocoa_gg_split/Cocoa/external_modules/code/cosmolike/redshift_spline.c:881:[0m tomo.shear_zmin[3] = 0.438,tomo.shear_zmax[3] = 1.674
[2022-10-06 23:51:15] [[32minfo[0m][0m [90m/gpfs/home/kuzhong/work/cocoa_gg_split/Cocoa/external_modules/code/cosmolike/redshift_spline.c:881:[0m tomo.shear_zmin[4] = 0.729,tomo.shear_zmax[4] = 3.494
[2022-10-06 23:51:15] [[32minfo[0m][0m [90m/gpfs/home/kuzhong/work/cocoa_gg_split/Cocoa/external_modules/code/cosmolike/redshift_spline.c:881:[0m tomo.shear_zmin[0] = 0.006,tomo.shear_zmax[0] = 0.741
[2022-10-06 23:51:15] [[32minfo[0m][0m [90m/gpfs/home/kuzhong/work/cocoa_gg_split/Cocoa/external_modules/code/cosmolike/redshift_spline.c:881:[0m tomo.shear_zmin[1] = 0.123,tomo.shear_zmax[1] = 0.998
[2022-10-06 23:51:15] [[32minfo[0m][0m [90m/gpfs/home/kuzhong/work/cocoa_gg_split/Cocoa/external_modules/code/cosmolike/redshift_spline.c:881:[0m tomo.shear_zmin[2] = 0.274,tomo.shear_zmax[2] = 1.324
[2022-10-06 23:51:15] [[32minfo[0m][0m [90m/gpfs/home/kuzhong/work/cocoa_gg_split/Cocoa/external_modules/code/cosmolike/redshift_spline.c:881:[0m tomo.shear_zmin[3] = 0.438,tomo.shear_zmax[3] = 1.674
[2022-10-06 23:51:15] [[32minfo[0m][0m [90m/gpfs/home/kuzhong/work/cocoa_gg_split/Cocoa/external_modules/code/cosmolike/redshift_spline.c:881:[0m tomo.shear_zmin[4] = 0.729,tomo.shear_zmax[4] = 3.494
[2022-10-06 23:51:15] [[32minfo[0m][0m [90m/gpfs/home/kuzhong/work/cocoa_gg_split/Cocoa/external_modules/code/cosmolike/redshift_spline.c:1428:[0m tomo.clustering_zmin[0] = 0.053,tomo.clustering_zmax[0] = 0.589
[2022-10-06 23:51:15] [[32minfo[0m][0m [90m/gpfs/home/kuzhong/work/cocoa_gg_split/Cocoa/external_modules/code/cosmolike/redshift_spline.c:1428:[0m tomo.clustering_zmin[1] = 0.239,tomo.clustering_zmax[1] = 0.799
[2022-10-06 23:51:15] [[32minfo[0m][0m [90m/gpfs/home/kuzhong/work/cocoa_gg_split/Cocoa/external_modules/code/cosmolike/redshift_spline.c:1428:[0m tomo.clustering_zmin[2] = 0.379,tomo.clustering_zmax[2] = 0.986
[2022-10-06 23:51:15] [[32minfo[0m][0m [90m/gpfs/home/kuzhong/work/cocoa_gg_split/Cocoa/external_modules/code/cosmolike/redshift_spline.c:1428:[0m tomo.clustering_zmin[3] = 0.519,tomo.clustering_zmax[3] = 1.208
[2022-10-06 23:51:15] [[32minfo[0m][0m [90m/gpfs/home/kuzhong/work/cocoa_gg_split/Cocoa/external_modules/code/cosmolike/redshift_spline.c:1428:[0m tomo.clustering_zmin[4] = 0.718,tomo.clustering_zmax[4] = 1.488
[2022-10-06 23:51:15] [[32minfo[0m][0m [90m/gpfs/home/kuzhong/work/cocoa_gg_split/Cocoa/external_modules/code/cosmolike/redshift_spline.c:1428:[0m tomo.clustering_zmin[0] = 0.053,tomo.clustering_zmax[0] = 0.589
[2022-10-06 23:51:15] [[32minfo[0m][0m [90m/gpfs/home/kuzhong/work/cocoa_gg_split/Cocoa/external_modules/code/cosmolike/redshift_spline.c:1428:[0m tomo.clustering_zmin[1] = 0.239,tomo.clustering_zmax[1] = 0.799
[2022-10-06 23:51:15] [[32minfo[0m][0m [90m/gpfs/home/kuzhong/work/cocoa_gg_split/Cocoa/external_modules/code/cosmolike/redshift_spline.c:1428:[0m tomo.clustering_zmin[2] = 0.379,tomo.clustering_zmax[2] = 0.986
[2022-10-06 23:51:15] [[32minfo[0m][0m [90m/gpfs/home/kuzhong/work/cocoa_gg_split/Cocoa/external_modules/code/cosmolike/redshift_spline.c:1428:[0m tomo.clustering_zmin[3] = 0.519,tomo.clustering_zmax[3] = 1.208
[2022-10-06 23:51:15] [[32minfo[0m][0m [90m/gpfs/home/kuzhong/work/cocoa_gg_split/Cocoa/external_modules/code/cosmolike/redshift_spline.c:1428:[0m tomo.clustering_zmin[4] = 0.718,tomo.clustering_zmax[4] = 1.488
[2022-10-06 23:51:15] [[32minfo[0m][0m [90m/gpfs/home/kuzhong/work/cocoa_gg_split/Cocoa/external_modules/code/cosmolike/redshift_spline.c:881:[0m tomo.shear_zmin[0] = 0.006,tomo.shear_zmax[0] = 0.741
[2022-10-06 23:51:15] [[32minfo[0m][0m [90m/gpfs/home/kuzhong/work/cocoa_gg_split/Cocoa/external_modules/code/cosmolike/redshift_spline.c:881:[0m tomo.shear_zmin[1] = 0.123,tomo.shear_zmax[1] = 0.998
[2022-10-06 23:51:15] [[32minfo[0m][0m [90m/gpfs/home/kuzhong/work/cocoa_gg_split/Cocoa/external_modules/code/cosmolike/redshift_spline.c:881:[0m tomo.shear_zmin[2] = 0.274,tomo.shear_zmax[2] = 1.324
[2022-10-06 23:51:15] [[32minfo[0m][0m [90m/gpfs/home/kuzhong/work/cocoa_gg_split/Cocoa/external_modules/code/cosmolike/redshift_spline.c:881:[0m tomo.shear_zmin[3] = 0.438,tomo.shear_zmax[3] = 1.674
[2022-10-06 23:51:15] [[32minfo[0m][0m [90m/gpfs/home/kuzhong/work/cocoa_gg_split/Cocoa/external_modules/code/cosmolike/redshift_spline.c:881:[0m tomo.shear_zmin[4] = 0.729,tomo.shear_zmax[4] = 3.494
[2022-10-06 23:51:15] [[32minfo[0m][0m [90m/gpfs/home/kuzhong/work/cocoa_gg_split/Cocoa/external_modules/code/cosmolike/redshift_spline.c:1428:[0m tomo.clustering_zmin[0] = 0.053,tomo.clustering_zmax[0] = 0.589
[2022-10-06 23:51:15] [[32minfo[0m][0m [90m/gpfs/home/kuzhong/work/cocoa_gg_split/Cocoa/external_modules/code/cosmolike/redshift_spline.c:1428:[0m tomo.clustering_zmin[1] = 0.239,tomo.clustering_zmax[1] = 0.799
[2022-10-06 23:51:15] [[32minfo[0m][0m [90m/gpfs/home/kuzhong/work/cocoa_gg_split/Cocoa/external_modules/code/cosmolike/redshift_spline.c:1428:[0m tomo.clustering_zmin[2] = 0.379,tomo.clustering_zmax[2] = 0.986
[2022-10-06 23:51:15] [[32minfo[0m][0m [90m/gpfs/home/kuzhong/work/cocoa_gg_split/Cocoa/external_modules/code/cosmolike/redshift_spline.c:1428:[0m tomo.clustering_zmin[3] = 0.519,tomo.clustering_zmax[3] = 1.208
[2022-10-06 23:51:15] [[32minfo[0m][0m [90m/gpfs/home/kuzhong/work/cocoa_gg_split/Cocoa/external_modules/code/cosmolike/redshift_spline.c:1428:[0m tomo.clustering_zmin[4] = 0.718,tomo.clustering_zmax[4] = 1.488
[2022-10-06 23:51:15] [[32minfo[0m][0m [90m/gpfs/home/kuzhong/work/cocoa_gg_split/Cocoa/external_modules/code/cosmolike/redshift_spline.c:1428:[0m tomo.clustering_zmin[0] = 0.053,tomo.clustering_zmax[0] = 0.589
[2022-10-06 23:51:15] [[32minfo[0m][0m [90m/gpfs/home/kuzhong/work/cocoa_gg_split/Cocoa/external_modules/code/cosmolike/redshift_spline.c:1428:[0m tomo.clustering_zmin[1] = 0.239,tomo.clustering_zmax[1] = 0.799
[2022-10-06 23:51:15] [[32minfo[0m][0m [90m/gpfs/home/kuzhong/work/cocoa_gg_split/Cocoa/external_modules/code/cosmolike/redshift_spline.c:1428:[0m tomo.clustering_zmin[2] = 0.379,tomo.clustering_zmax[2] = 0.986
[2022-10-06 23:51:15] [[32minfo[0m][0m [90m/gpfs/home/kuzhong/work/cocoa_gg_split/Cocoa/external_modules/code/cosmolike/redshift_spline.c:1428:[0m tomo.clustering_zmin[3] = 0.519,tomo.clustering_zmax[3] = 1.208
[2022-10-06 23:51:15] [[32minfo[0m][0m [90m/gpfs/home/kuzhong/work/cocoa_gg_split/Cocoa/external_modules/code/cosmolike/redshift_spline.c:1428:[0m tomo.clustering_zmin[4] = 0.718,tomo.clustering_zmax[4] = 1.488
[2022-10-06 23:51:15] [[32minfo[0m][0m [90m/gpfs/home/kuzhong/work/cocoa_gg_split/Cocoa/external_modules/code/cosmolike/redshift_spline.c:881:[0m tomo.shear_zmin[0] = 0.006,tomo.shear_zmax[0] = 0.741
[2022-10-06 23:51:15] [[32minfo[0m][0m [90m/gpfs/home/kuzhong/work/cocoa_gg_split/Cocoa/external_modules/code/cosmolike/redshift_spline.c:881:[0m tomo.shear_zmin[1] = 0.123,tomo.shear_zmax[1] = 0.998
[2022-10-06 23:51:15] [[32minfo[0m][0m [90m/gpfs/home/kuzhong/work/cocoa_gg_split/Cocoa/external_modules/code/cosmolike/redshift_spline.c:881:[0m tomo.shear_zmin[2] = 0.274,tomo.shear_zmax[2] = 1.324
[2022-10-06 23:51:15] [[32minfo[0m][0m [90m/gpfs/home/kuzhong/work/cocoa_gg_split/Cocoa/external_modules/code/cosmolike/redshift_spline.c:881:[0m tomo.shear_zmin[3] = 0.438,tomo.shear_zmax[3] = 1.674
[2022-10-06 23:51:15] [[32minfo[0m][0m [90m/gpfs/home/kuzhong/work/cocoa_gg_split/Cocoa/external_modules/code/cosmolike/redshift_spline.c:881:[0m tomo.shear_zmin[4] = 0.729,tomo.shear_zmax[4] = 3.494
[2022-10-06 23:51:15] [[32minfo[0m][0m [90m/gpfs/home/kuzhong/work/cocoa_gg_split/Cocoa/external_modules/code/cosmolike/redshift_spline.c:1428:[0m tomo.clustering_zmin[0] = 0.053,tomo.clustering_zmax[0] = 0.589
[2022-10-06 23:51:15] [[32minfo[0m][0m [90m/gpfs/home/kuzhong/work/cocoa_gg_split/Cocoa/external_modules/code/cosmolike/redshift_spline.c:1428:[0m tomo.clustering_zmin[1] = 0.239,tomo.clustering_zmax[1] = 0.799
[2022-10-06 23:51:15] [[32minfo[0m][0m [90m/gpfs/home/kuzhong/work/cocoa_gg_split/Cocoa/external_modules/code/cosmolike/redshift_spline.c:1428:[0m tomo.clustering_zmin[2] = 0.379,tomo.clustering_zmax[2] = 0.986
[2022-10-06 23:51:15] [[32minfo[0m][0m [90m/gpfs/home/kuzhong/work/cocoa_gg_split/Cocoa/external_modules/code/cosmolike/redshift_spline.c:1428:[0m tomo.clustering_zmin[3] = 0.519,tomo.clustering_zmax[3] = 1.208
[2022-10-06 23:51:15] [[32minfo[0m][0m [90m/gpfs/home/kuzhong/work/cocoa_gg_split/Cocoa/external_modules/code/cosmolike/redshift_spline.c:1428:[0m tomo.clustering_zmin[4] = 0.718,tomo.clustering_zmax[4] = 1.488
[2022-10-06 23:51:15] [[32minfo[0m][0m [90m/gpfs/home/kuzhong/work/cocoa_gg_split/Cocoa/external_modules/code/cosmolike/redshift_spline.c:881:[0m tomo.shear_zmin[0] = 0.006,tomo.shear_zmax[0] = 0.741
[2022-10-06 23:51:15] [[32minfo[0m][0m [90m/gpfs/home/kuzhong/work/cocoa_gg_split/Cocoa/external_modules/code/cosmolike/redshift_spline.c:881:[0m tomo.shear_zmin[1] = 0.123,tomo.shear_zmax[1] = 0.998
[2022-10-06 23:51:15] [[32minfo[0m][0m [90m/gpfs/home/kuzhong/work/cocoa_gg_split/Cocoa/external_modules/code/cosmolike/redshift_spline.c:881:[0m tomo.shear_zmin[2] = 0.274,tomo.shear_zmax[2] = 1.324
[2022-10-06 23:51:15] [[32minfo[0m][0m [90m/gpfs/home/kuzhong/work/cocoa_gg_split/Cocoa/external_modules/code/cosmolike/redshift_spline.c:881:[0m tomo.shear_zmin[3] = 0.438,tomo.shear_zmax[3] = 1.674
[2022-10-06 23:51:15] [[32minfo[0m][0m [90m/gpfs/home/kuzhong/work/cocoa_gg_split/Cocoa/external_modules/code/cosmolike/redshift_spline.c:881:[0m tomo.shear_zmin[4] = 0.729,tomo.shear_zmax[4] = 3.494
[2022-10-06 23:51:15] [[32minfo[0m][0m [90m/gpfs/home/kuzhong/work/cocoa_gg_split/Cocoa/external_modules/code/cosmolike/redshift_spline.c:1428:[0m tomo.clustering_zmin[0] = 0.053,tomo.clustering_zmax[0] = 0.589
[2022-10-06 23:51:15] [[32minfo[0m][0m [90m/gpfs/home/kuzhong/work/cocoa_gg_split/Cocoa/external_modules/code/cosmolike/redshift_spline.c:1428:[0m tomo.clustering_zmin[1] = 0.239,tomo.clustering_zmax[1] = 0.799
[2022-10-06 23:51:15] [[32minfo[0m][0m [90m/gpfs/home/kuzhong/work/cocoa_gg_split/Cocoa/external_modules/code/cosmolike/redshift_spline.c:1428:[0m tomo.clustering_zmin[2] = 0.379,tomo.clustering_zmax[2] = 0.986
[2022-10-06 23:51:15] [[32minfo[0m][0m [90m/gpfs/home/kuzhong/work/cocoa_gg_split/Cocoa/external_modules/code/cosmolike/redshift_spline.c:1428:[0m tomo.clustering_zmin[3] = 0.519,tomo.clustering_zmax[3] = 1.208
[2022-10-06 23:51:15] [[32minfo[0m][0m [90m/gpfs/home/kuzhong/work/cocoa_gg_split/Cocoa/external_modules/code/cosmolike/redshift_spline.c:1428:[0m tomo.clustering_zmin[4] = 0.718,tomo.clustering_zmax[4] = 1.488
[2022-10-06 23:51:15] [[32minfo[0m][0m [90m/gpfs/home/kuzhong/work/cocoa_gg_split/Cocoa/external_modules/code/cosmolike/redshift_spline.c:881:[0m tomo.shear_zmin[0] = 0.006,tomo.shear_zmax[0] = 0.741
[2022-10-06 23:51:15] [[32minfo[0m][0m [90m/gpfs/home/kuzhong/work/cocoa_gg_split/Cocoa/external_modules/code/cosmolike/redshift_spline.c:881:[0m tomo.shear_zmin[1] = 0.123,tomo.shear_zmax[1] = 0.998
[2022-10-06 23:51:15] [[32minfo[0m][0m [90m/gpfs/home/kuzhong/work/cocoa_gg_split/Cocoa/external_modules/code/cosmolike/redshift_spline.c:881:[0m tomo.shear_zmin[2] = 0.274,tomo.shear_zmax[2] = 1.324
[2022-10-06 23:51:15] [[32minfo[0m][0m [90m/gpfs/home/kuzhong/work/cocoa_gg_split/Cocoa/external_modules/code/cosmolike/redshift_spline.c:881:[0m tomo.shear_zmin[3] = 0.438,tomo.shear_zmax[3] = 1.674
[2022-10-06 23:51:15] [[32minfo[0m][0m [90m/gpfs/home/kuzhong/work/cocoa_gg_split/Cocoa/external_modules/code/cosmolike/redshift_spline.c:881:[0m tomo.shear_zmin[4] = 0.729,tomo.shear_zmax[4] = 3.494
[2022-10-06 23:51:15] [[32minfo[0m][0m [90m/gpfs/home/kuzhong/work/cocoa_gg_split/Cocoa/external_modules/code/cosmolike/redshift_spline.c:1428:[0m tomo.clustering_zmin[0] = 0.053,tomo.clustering_zmax[0] = 0.589
[2022-10-06 23:51:15] [[32minfo[0m][0m [90m/gpfs/home/kuzhong/work/cocoa_gg_split/Cocoa/external_modules/code/cosmolike/redshift_spline.c:1428:[0m tomo.clustering_zmin[1] = 0.239,tomo.clustering_zmax[1] = 0.799
[2022-10-06 23:51:15] [[32minfo[0m][0m [90m/gpfs/home/kuzhong/work/cocoa_gg_split/Cocoa/external_modules/code/cosmolike/redshift_spline.c:1428:[0m tomo.clustering_zmin[2] = 0.379,tomo.clustering_zmax[2] = 0.986
[2022-10-06 23:51:15] [[32minfo[0m][0m [90m/gpfs/home/kuzhong/work/cocoa_gg_split/Cocoa/external_modules/code/cosmolike/redshift_spline.c:1428:[0m tomo.clustering_zmin[3] = 0.519,tomo.clustering_zmax[3] = 1.208
[2022-10-06 23:51:15] [[32minfo[0m][0m [90m/gpfs/home/kuzhong/work/cocoa_gg_split/Cocoa/external_modules/code/cosmolike/redshift_spline.c:1428:[0m tomo.clustering_zmin[4] = 0.718,tomo.clustering_zmax[4] = 1.488
[2022-10-06 23:51:16] [[32minfo[0m][0m [90m/gpfs/home/kuzhong/work/cocoa_gg_split/Cocoa/external_modules/code/cosmolike/redshift_spline.c:881:[0m tomo.shear_zmin[0] = 0.006,tomo.shear_zmax[0] = 0.741
[2022-10-06 23:51:16] [[32minfo[0m][0m [90m/gpfs/home/kuzhong/work/cocoa_gg_split/Cocoa/external_modules/code/cosmolike/redshift_spline.c:881:[0m tomo.shear_zmin[1] = 0.123,tomo.shear_zmax[1] = 0.998
[2022-10-06 23:51:16] [[32minfo[0m][0m [90m/gpfs/home/kuzhong/work/cocoa_gg_split/Cocoa/external_modules/code/cosmolike/redshift_spline.c:881:[0m tomo.shear_zmin[2] = 0.274,tomo.shear_zmax[2] = 1.324
[2022-10-06 23:51:16] [[32minfo[0m][0m [90m/gpfs/home/kuzhong/work/cocoa_gg_split/Cocoa/external_modules/code/cosmolike/redshift_spline.c:881:[0m tomo.shear_zmin[3] = 0.438,tomo.shear_zmax[3] = 1.674
[2022-10-06 23:51:16] [[32minfo[0m][0m [90m/gpfs/home/kuzhong/work/cocoa_gg_split/Cocoa/external_modules/code/cosmolike/redshift_spline.c:881:[0m tomo.shear_zmin[4] = 0.729,tomo.shear_zmax[4] = 3.494
[2022-10-06 23:51:16] [[32minfo[0m][0m [90m/gpfs/home/kuzhong/work/cocoa_gg_split/Cocoa/external_modules/code/cosmolike/redshift_spline.c:1428:[0m tomo.clustering_zmin[0] = 0.053,tomo.clustering_zmax[0] = 0.589
[2022-10-06 23:51:16] [[32minfo[0m][0m [90m/gpfs/home/kuzhong/work/cocoa_gg_split/Cocoa/external_modules/code/cosmolike/redshift_spline.c:1428:[0m tomo.clustering_zmin[1] = 0.239,tomo.clustering_zmax[1] = 0.799
[2022-10-06 23:51:16] [[32minfo[0m][0m [90m/gpfs/home/kuzhong/work/cocoa_gg_split/Cocoa/external_modules/code/cosmolike/redshift_spline.c:1428:[0m tomo.clustering_zmin[2] = 0.379,tomo.clustering_zmax[2] = 0.986
[2022-10-06 23:51:16] [[32minfo[0m][0m [90m/gpfs/home/kuzhong/work/cocoa_gg_split/Cocoa/external_modules/code/cosmolike/redshift_spline.c:1428:[0m tomo.clustering_zmin[3] = 0.519,tomo.clustering_zmax[3] = 1.208
[2022-10-06 23:51:16] [[32minfo[0m][0m [90m/gpfs/home/kuzhong/work/cocoa_gg_split/Cocoa/external_modules/code/cosmolike/redshift_spline.c:1428:[0m tomo.clustering_zmin[4] = 0.718,tomo.clustering_zmax[4] = 1.488
  0%|          | 0/100 [00:00<?, ?it/s]Loss: nan:   0%|          | 0/100 [01:00<?, ?it/s]Loss: nan:   1%|          | 1/100 [01:00<1:39:12, 60.13s/it]Loss: nan:   1%|          | 1/100 [02:00<1:39:12, 60.13s/it]Loss: nan:   2%|▏         | 2/100 [02:00<1:38:00, 60.01s/it]Loss: nan:   2%|▏         | 2/100 [03:00<1:38:00, 60.01s/it]Loss: nan:   3%|▎         | 3/100 [03:00<1:36:58, 59.99s/it]Loss: nan:   3%|▎         | 3/100 [03:59<1:36:58, 59.99s/it]Loss: nan:   4%|▍         | 4/100 [03:59<1:35:55, 59.96s/it]Loss: nan:   4%|▍         | 4/100 [05:00<1:35:55, 59.96s/it]Loss: nan:   5%|▌         | 5/100 [05:00<1:35:01, 60.01s/it]Loss: nan:   5%|▌         | 5/100 [06:00<1:35:01, 60.01s/it]Loss: nan:   6%|▌         | 6/100 [06:00<1:34:12, 60.13s/it]Loss: nan:   6%|▌         | 6/100 [07:00<1:34:12, 60.13s/it]Loss: nan:   7%|▋         | 7/100 [07:00<1:33:13, 60.15s/it]Loss: nan:   7%|▋         | 7/100 [08:00<1:33:13, 60.15s/it]Loss: nan:   8%|▊         | 8/100 [08:00<1:32:14, 60.15s/it]Loss: nan:   8%|▊         | 8/100 [09:01<1:32:14, 60.15s/it]Loss: nan:   9%|▉         | 9/100 [09:01<1:31:18, 60.21s/it]Loss: nan:   9%|▉         | 9/100 [10:01<1:31:18, 60.21s/it]Loss: nan:  10%|█         | 10/100 [10:01<1:30:20, 60.23s/it]Loss: nan:  10%|█         | 10/100 [11:01<1:30:20, 60.23s/it]Loss: nan:  11%|█         | 11/100 [11:01<1:29:25, 60.29s/it]Loss: nan:  11%|█         | 11/100 [12:02<1:29:25, 60.29s/it]Loss: nan:  12%|█▏        | 12/100 [12:02<1:28:24, 60.28s/it]Loss: nan:  12%|█▏        | 12/100 [13:02<1:28:24, 60.28s/it]Loss: nan:  13%|█▎        | 13/100 [13:02<1:27:28, 60.33s/it]Loss: nan:  13%|█▎        | 13/100 [14:02<1:27:28, 60.33s/it]Loss: nan:  14%|█▍        | 14/100 [14:02<1:26:27, 60.32s/it]Loss: nan:  14%|█▍        | 14/100 [15:03<1:26:27, 60.32s/it]Loss: nan:  15%|█▌        | 15/100 [15:03<1:25:28, 60.34s/it]Loss: nan:  15%|█▌        | 15/100 [16:03<1:25:28, 60.34s/it]Loss: nan:  16%|█▌        | 16/100 [16:03<1:24:27, 60.33s/it]Loss: nan:  16%|█▌        | 16/100 [17:03<1:24:27, 60.33s/it]Loss: nan:  17%|█▋        | 17/100 [17:03<1:23:27, 60.34s/it]Loss: nan:  17%|█▋        | 17/100 [18:04<1:23:27, 60.34s/it]Loss: nan:  18%|█▊        | 18/100 [18:04<1:22:24, 60.29s/it]Loss: nan:  18%|█▊        | 18/100 [19:04<1:22:24, 60.29s/it]Loss: nan:  19%|█▉        | 19/100 [19:04<1:21:19, 60.24s/it]Loss: nan:  19%|█▉        | 19/100 [20:04<1:21:19, 60.24s/it]Loss: nan:  20%|██        | 20/100 [20:04<1:20:16, 60.21s/it]Loss: nan:  20%|██        | 20/100 [21:04<1:20:16, 60.21s/it]Loss: nan:  21%|██        | 21/100 [21:04<1:19:16, 60.21s/it]Loss: nan:  21%|██        | 21/100 [22:04<1:19:16, 60.21s/it]Loss: nan:  22%|██▏       | 22/100 [22:04<1:18:15, 60.20s/it]Loss: nan:  22%|██▏       | 22/100 [23:04<1:18:15, 60.20s/it]Loss: nan:  23%|██▎       | 23/100 [23:04<1:17:18, 60.24s/it]Loss: nan:  23%|██▎       | 23/100 [24:05<1:17:18, 60.24s/it]Loss: nan:  24%|██▍       | 24/100 [24:05<1:16:22, 60.30s/it]Loss: nan:  24%|██▍       | 24/100 [25:06<1:16:22, 60.30s/it]Loss: nan:  25%|██▌       | 25/100 [25:06<1:15:37, 60.50s/it]Loss: nan:  25%|██▌       | 25/100 [26:08<1:15:37, 60.50s/it]Loss: nan:  26%|██▌       | 26/100 [26:08<1:15:03, 60.86s/it]Loss: nan:  26%|██▌       | 26/100 [27:11<1:15:03, 60.86s/it]Loss: nan:  27%|██▋       | 27/100 [27:11<1:14:51, 61.52s/it]Loss: nan:  27%|██▋       | 27/100 [28:16<1:14:51, 61.52s/it]Loss: nan:  28%|██▊       | 28/100 [28:16<1:15:07, 62.60s/it]Loss: nan:  28%|██▊       | 28/100 [29:23<1:15:07, 62.60s/it]Loss: nan:  29%|██▉       | 29/100 [29:23<1:15:36, 63.89s/it]Loss: nan:  29%|██▉       | 29/100 [30:32<1:15:36, 63.89s/it]Loss: nan:  30%|███       | 30/100 [30:32<1:16:20, 65.43s/it]Loss: nan:  30%|███       | 30/100 [31:43<1:16:20, 65.43s/it]Loss: nan:  31%|███       | 31/100 [31:43<1:17:13, 67.15s/it]Loss: nan:  31%|███       | 31/100 [32:56<1:17:13, 67.15s/it]Loss: nan:  32%|███▏      | 32/100 [32:56<1:18:03, 68.87s/it]Loss: nan:  32%|███▏      | 32/100 [34:11<1:18:03, 68.87s/it]Loss: nan:  33%|███▎      | 33/100 [34:11<1:18:57, 70.72s/it]Loss: nan:  33%|███▎      | 33/100 [35:28<1:18:57, 70.72s/it]Loss: nan:  34%|███▍      | 34/100 [35:28<1:19:47, 72.54s/it]Loss: nan:  34%|███▍      | 34/100 [36:46<1:19:47, 72.54s/it]Loss: nan:  35%|███▌      | 35/100 [36:46<1:20:28, 74.28s/it]Loss: nan:  35%|███▌      | 35/100 [38:07<1:20:28, 74.28s/it]Loss: nan:  36%|███▌      | 36/100 [38:07<1:21:17, 76.21s/it]Loss: nan:  36%|███▌      | 36/100 [39:30<1:21:17, 76.21s/it]Loss: nan:  37%|███▋      | 37/100 [39:30<1:22:14, 78.32s/it]Loss: nan:  37%|███▋      | 37/100 [40:56<1:22:14, 78.32s/it]Loss: nan:  38%|███▊      | 38/100 [40:56<1:23:15, 80.58s/it]Loss: nan:  38%|███▊      | 38/100 [42:24<1:23:15, 80.58s/it]Loss: nan:  39%|███▉      | 39/100 [42:24<1:24:12, 82.82s/it]Loss: nan:  39%|███▉      | 39/100 [43:54<1:24:12, 82.82s/it]Loss: nan:  40%|████      | 40/100 [43:54<1:25:06, 85.11s/it]Loss: nan:  40%|████      | 40/100 [45:26<1:25:06, 85.11s/it]Loss: nan:  41%|████      | 41/100 [45:26<1:25:38, 87.09s/it]Loss: nan:  41%|████      | 41/100 [46:59<1:25:38, 87.09s/it]Loss: nan:  42%|████▏     | 42/100 [46:59<1:25:51, 88.82s/it]Loss: nan:  42%|████▏     | 42/100 [48:33<1:25:51, 88.82s/it]Loss: nan:  43%|████▎     | 43/100 [48:33<1:25:59, 90.51s/it]Loss: nan:  43%|████▎     | 43/100 [50:09<1:25:59, 90.51s/it]Loss: nan:  44%|████▍     | 44/100 [50:09<1:26:02, 92.18s/it]Loss: nan:  44%|████▍     | 44/100 [51:46<1:26:02, 92.18s/it]Loss: nan:  45%|████▌     | 45/100 [51:46<1:25:50, 93.65s/it]Loss: nan:  45%|████▌     | 45/100 [53:21<1:25:50, 93.65s/it]Loss: nan:  46%|████▌     | 46/100 [53:21<1:24:30, 93.90s/it]Loss: nan:  46%|████▌     | 46/100 [54:52<1:24:30, 93.90s/it]Loss: nan:  47%|████▋     | 47/100 [54:52<1:22:08, 92.99s/it]Loss: nan:  47%|████▋     | 47/100 [56:23<1:22:08, 92.99s/it]Loss: nan:  48%|████▊     | 48/100 [56:23<1:20:04, 92.39s/it]Loss: nan:  48%|████▊     | 48/100 [57:54<1:20:04, 92.39s/it]Loss: nan:  49%|████▉     | 49/100 [57:54<1:18:10, 91.96s/it]Loss: nan:  49%|████▉     | 49/100 [59:25<1:18:10, 91.96s/it]Loss: nan:  50%|█████     | 50/100 [59:25<1:16:24, 91.69s/it]Loss: nan:  50%|█████     | 50/100 [1:00:56<1:16:24, 91.69s/it]Loss: nan:  51%|█████     | 51/100 [1:00:56<1:14:42, 91.48s/it]Loss: nan:  51%|█████     | 51/100 [1:02:26<1:14:42, 91.48s/it]Loss: nan:  52%|█████▏    | 52/100 [1:02:26<1:12:57, 91.19s/it]Loss: nan:  52%|█████▏    | 52/100 [1:03:57<1:12:57, 91.19s/it]Loss: nan:  53%|█████▎    | 53/100 [1:03:57<1:11:16, 90.99s/it]Loss: nan:  53%|█████▎    | 53/100 [1:05:27<1:11:16, 90.99s/it]Loss: nan:  54%|█████▍    | 54/100 [1:05:27<1:09:38, 90.83s/it]Loss: nan:  54%|█████▍    | 54/100 [1:06:57<1:09:38, 90.83s/it]Loss: nan:  55%|█████▌    | 55/100 [1:06:57<1:07:57, 90.61s/it]Loss: nan:  55%|█████▌    | 55/100 [1:08:26<1:07:57, 90.61s/it]Loss: nan:  56%|█████▌    | 56/100 [1:08:26<1:06:07, 90.17s/it]Loss: nan:  56%|█████▌    | 56/100 [1:09:54<1:06:07, 90.17s/it]Loss: nan:  57%|█████▋    | 57/100 [1:09:54<1:04:02, 89.36s/it]Loss: nan:  57%|█████▋    | 57/100 [1:11:20<1:04:02, 89.36s/it]Loss: nan:  58%|█████▊    | 58/100 [1:11:20<1:01:54, 88.43s/it]Loss: nan:  58%|█████▊    | 58/100 [1:12:46<1:01:54, 88.43s/it]Loss: nan:  59%|█████▉    | 59/100 [1:12:46<59:50, 87.58s/it]  Loss: nan:  59%|█████▉    | 59/100 [1:14:10<59:50, 87.58s/it]Loss: nan:  60%|██████    | 60/100 [1:14:10<57:42, 86.56s/it]Loss: nan:  60%|██████    | 60/100 [1:15:33<57:42, 86.56s/it]Loss: nan:  61%|██████    | 61/100 [1:15:33<55:34, 85.49s/it]Loss: nan:  61%|██████    | 61/100 [1:16:55<55:34, 85.49s/it]Loss: nan:  62%|██████▏   | 62/100 [1:16:55<53:30, 84.49s/it]Loss: nan:  62%|██████▏   | 62/100 [1:18:16<53:30, 84.49s/it]Loss: nan:  63%|██████▎   | 63/100 [1:18:16<51:31, 83.55s/it]Loss: nan:  63%|██████▎   | 63/100 [1:19:38<51:31, 83.55s/it]Loss: nan:  64%|██████▍   | 64/100 [1:19:38<49:45, 82.93s/it]Loss: nan:  64%|██████▍   | 64/100 [1:20:59<49:45, 82.93s/it]Loss: nan:  65%|██████▌   | 65/100 [1:20:59<48:04, 82.42s/it]Loss: nan:  65%|██████▌   | 65/100 [1:22:20<48:04, 82.42s/it]Loss: nan:  66%|██████▌   | 66/100 [1:22:20<46:26, 81.97s/it]Loss: nan:  66%|██████▌   | 66/100 [1:23:41<46:26, 81.97s/it]Loss: nan:  67%|██████▋   | 67/100 [1:23:41<44:55, 81.67s/it]Loss: nan:  67%|██████▋   | 67/100 [1:25:02<44:55, 81.67s/it]Loss: nan:  68%|██████▊   | 68/100 [1:25:02<43:28, 81.53s/it]Loss: nan:  68%|██████▊   | 68/100 [1:26:24<43:28, 81.53s/it]Loss: nan:  69%|██████▉   | 69/100 [1:26:24<42:06, 81.51s/it]Loss: nan:  69%|██████▉   | 69/100 [1:27:45<42:06, 81.51s/it]Loss: nan:  70%|███████   | 70/100 [1:27:45<40:45, 81.53s/it]Loss: nan:  70%|███████   | 70/100 [1:29:09<40:45, 81.53s/it]Loss: nan:  71%|███████   | 71/100 [1:29:09<39:42, 82.15s/it]Loss: nan:  71%|███████   | 71/100 [1:30:34<39:42, 82.15s/it]Loss: nan:  72%|███████▏  | 72/100 [1:30:34<38:41, 82.91s/it]Loss: nan:  72%|███████▏  | 72/100 [1:31:56<38:41, 82.91s/it]Loss: nan:  73%|███████▎  | 73/100 [1:31:56<37:10, 82.61s/it]Loss: nan:  73%|███████▎  | 73/100 [1:33:18<37:10, 82.61s/it]Loss: nan:  74%|███████▍  | 74/100 [1:33:18<35:48, 82.62s/it]Loss: nan:  74%|███████▍  | 74/100 [1:34:41<35:48, 82.62s/it]Loss: nan:  75%|███████▌  | 75/100 [1:34:41<34:25, 82.62s/it]Loss: nan:  75%|███████▌  | 75/100 [1:36:04<34:25, 82.62s/it]Loss: nan:  76%|███████▌  | 76/100 [1:36:04<33:04, 82.71s/it]Loss: nan:  76%|███████▌  | 76/100 [1:37:26<33:04, 82.71s/it]Loss: nan:  77%|███████▋  | 77/100 [1:37:26<31:42, 82.72s/it]Loss: nan:  77%|███████▋  | 77/100 [1:38:49<31:42, 82.72s/it]Loss: nan:  78%|███████▊  | 78/100 [1:38:49<30:21, 82.78s/it]Loss: nan:  78%|███████▊  | 78/100 [1:40:12<30:21, 82.78s/it]Loss: nan:  79%|███████▉  | 79/100 [1:40:12<29:00, 82.86s/it]Loss: nan:  79%|███████▉  | 79/100 [1:41:36<29:00, 82.86s/it]Loss: nan:  80%|████████  | 80/100 [1:41:36<27:41, 83.08s/it]Loss: nan:  80%|████████  | 80/100 [1:43:00<27:41, 83.08s/it]Loss: nan:  81%|████████  | 81/100 [1:43:00<26:23, 83.33s/it]Loss: nan:  81%|████████  | 81/100 [1:44:23<26:23, 83.33s/it]Loss: nan:  82%|████████▏ | 82/100 [1:44:23<25:00, 83.38s/it]Loss: nan:  82%|████████▏ | 82/100 [1:45:47<25:00, 83.38s/it]Loss: nan:  83%|████████▎ | 83/100 [1:45:47<23:37, 83.35s/it]Loss: nan:  83%|████████▎ | 83/100 [1:47:10<23:37, 83.35s/it]Loss: nan:  84%|████████▍ | 84/100 [1:47:10<22:15, 83.44s/it]Loss: nan:  84%|████████▍ | 84/100 [1:48:35<22:15, 83.44s/it]Loss: nan:  85%|████████▌ | 85/100 [1:48:35<20:55, 83.69s/it]Loss: nan:  85%|████████▌ | 85/100 [1:49:59<20:55, 83.69s/it]Loss: nan:  86%|████████▌ | 86/100 [1:49:59<19:34, 83.93s/it]Loss: nan:  86%|████████▌ | 86/100 [1:51:24<19:34, 83.93s/it]Loss: nan:  87%|████████▋ | 87/100 [1:51:24<18:13, 84.08s/it]Loss: nan:  87%|████████▋ | 87/100 [1:52:48<18:13, 84.08s/it]Loss: nan:  88%|████████▊ | 88/100 [1:52:48<16:49, 84.08s/it]Loss: nan:  88%|████████▊ | 88/100 [1:54:11<16:49, 84.08s/it]Loss: nan:  89%|████████▉ | 89/100 [1:54:11<15:23, 83.98s/it]Loss: nan:  89%|████████▉ | 89/100 [1:55:35<15:23, 83.98s/it]Loss: nan:  90%|█████████ | 90/100 [1:55:35<13:57, 83.79s/it]Loss: nan:  90%|█████████ | 90/100 [1:56:57<13:57, 83.79s/it]Loss: nan:  91%|█████████ | 91/100 [1:56:57<12:30, 83.39s/it]Loss: nan:  91%|█████████ | 91/100 [1:58:19<12:30, 83.39s/it]Loss: nan:  92%|█████████▏| 92/100 [1:58:19<11:04, 83.00s/it]Loss: nan:  92%|█████████▏| 92/100 [1:59:41<11:04, 83.00s/it]Loss: nan:  93%|█████████▎| 93/100 [1:59:41<09:38, 82.60s/it]Loss: nan:  93%|█████████▎| 93/100 [2:01:02<09:38, 82.60s/it]Loss: nan:  94%|█████████▍| 94/100 [2:01:02<08:12, 82.10s/it]Loss: nan:  94%|█████████▍| 94/100 [2:02:22<08:12, 82.10s/it]Loss: nan:  95%|█████████▌| 95/100 [2:02:22<06:47, 81.52s/it]Loss: nan:  95%|█████████▌| 95/100 [2:03:41<06:47, 81.52s/it]Loss: nan:  96%|█████████▌| 96/100 [2:03:41<05:23, 80.77s/it]