WARNING: $PATH does not agree with $PATH_modshare counter. The following directories' usage counters were adjusted to match. Note that this may mean that module unloading may not work correctly.
 /cm/local/apps/environment-modules/4.0.0//bin
[2022-10-06 21:18:55] [[32minfo[0m][0m [90m/gpfs/home/kuzhong/work/cocoa_gg_split/Cocoa/external_modules/code/cosmolike/redshift_spline.c:881:[0m [2022-10-06 21:18:55] [[32minfo[0m][0m [90m/gpfs/home/kuzhong/work/cocoa_gg_split/Cocoa/external_modules/code/cosmolike/redshift_spline.c:881:[0m tomo.shear_zmin[0] = 0.006,tomo.shear_zmax[0] = 0.741
[2022-10-06 21:18:55] [[32minfo[0m][0m [90m/gpfs/home/kuzhong/work/cocoa_gg_split/Cocoa/external_modules/code/cosmolike/redshift_spline.c:881:[0m tomo.shear_zmin[1] = 0.123,tomo.shear_zmax[1] = 0.998
[2022-10-06 21:18:55] [[32minfo[0m][0m [90m/gpfs/home/kuzhong/work/cocoa_gg_split/Cocoa/external_modules/code/cosmolike/redshift_spline.c:881:[0m tomo.shear_zmin[2] = 0.274,tomo.shear_zmax[2] = 1.324
[2022-10-06 21:18:55] [[32minfo[0m][0m [90m/gpfs/home/kuzhong/work/cocoa_gg_split/Cocoa/external_modules/code/cosmolike/redshift_spline.c:881:[0m tomo.shear_zmin[3] = 0.438,tomo.shear_zmax[3] = 1.674
[2022-10-06 21:18:55] [[32minfo[0m][0m [90m/gpfs/home/kuzhong/work/cocoa_gg_split/Cocoa/external_modules/code/cosmolike/redshift_spline.c:881:[0m tomo.shear_zmin[4] = 0.729,tomo.shear_zmax[4] = 3.494
[2022-10-06 21:18:55] [[32minfo[0m][0m [90m/gpfs/home/kuzhong/work/cocoa_gg_split/Cocoa/external_modules/code/cosmolike/redshift_spline.c:881:[0m tomo.shear_zmin[0] = 0.006,tomo.shear_zmax[0] = 0.741
[2022-10-06 21:18:55] [[32minfo[0m][0m [90m/gpfs/home/kuzhong/work/cocoa_gg_split/Cocoa/external_modules/code/cosmolike/redshift_spline.c:881:[0m tomo.shear_zmin[1] = 0.123,tomo.shear_zmax[1] = 0.998
[2022-10-06 21:18:55] [[32minfo[0m][0m [90m/gpfs/home/kuzhong/work/cocoa_gg_split/Cocoa/external_modules/code/cosmolike/redshift_spline.c:881:[0m tomo.shear_zmin[2] = 0.274,tomo.shear_zmax[2] = 1.324
[2022-10-06 21:18:55] [[32minfo[0m][0m [90m/gpfs/home/kuzhong/work/cocoa_gg_split/Cocoa/external_modules/code/cosmolike/redshift_spline.c:881:[0m tomo.shear_zmin[3] = 0.438,tomo.shear_zmax[3] = 1.674
[2022-10-06 21:18:55] [[32minfo[0m][0m [90m/gpfs/home/kuzhong/work/cocoa_gg_split/Cocoa/external_modules/code/cosmolike/redshift_spline.c:881:[0m tomo.shear_zmin[4] = 0.729,tomo.shear_zmax[4] = 3.494
tomo.shear_zmin[0] = 0.006,tomo.shear_zmax[0] = 0.741
[2022-10-06 21:18:55] [[32minfo[0m][0m [90m/gpfs/home/kuzhong/work/cocoa_gg_split/Cocoa/external_modules/code/cosmolike/redshift_spline.c:881:[0m tomo.shear_zmin[1] = 0.123,tomo.shear_zmax[1] = 0.998
[2022-10-06 21:18:55] [[32minfo[0m][0m [90m/gpfs/home/kuzhong/work/cocoa_gg_split/Cocoa/external_modules/code/cosmolike/redshift_spline.c:881:[0m [2022-10-06 21:18:55] [[32minfo[0m][0m [90m/gpfs/home/kuzhong/work/cocoa_gg_split/Cocoa/external_modules/code/cosmolike/redshift_spline.c:881:[0m tomo.shear_zmin[0] = 0.006,tomo.shear_zmax[0] = 0.741
[2022-10-06 21:18:55] [[32minfo[0m][0m [90m/gpfs/home/kuzhong/work/cocoa_gg_split/Cocoa/external_modules/code/cosmolike/redshift_spline.c:881:[0m tomo.shear_zmin[1] = 0.123,tomo.shear_zmax[1] = 0.998
[2022-10-06 21:18:55] [[32minfo[0m][0m [90m/gpfs/home/kuzhong/work/cocoa_gg_split/Cocoa/external_modules/code/cosmolike/redshift_spline.c:881:[0m tomo.shear_zmin[2] = 0.274,tomo.shear_zmax[2] = 1.324
[2022-10-06 21:18:55] [[32minfo[0m][0m [90m/gpfs/home/kuzhong/work/cocoa_gg_split/Cocoa/external_modules/code/cosmolike/redshift_spline.c:881:[0m tomo.shear_zmin[3] = 0.438,tomo.shear_zmax[3] = 1.674
[2022-10-06 21:18:55] [[32minfo[0m][0m [90m/gpfs/home/kuzhong/work/cocoa_gg_split/Cocoa/external_modules/code/cosmolike/redshift_spline.c:881:[0m tomo.shear_zmin[4] = 0.729,tomo.shear_zmax[4] = 3.494
[2022-10-06 21:18:55] [[32minfo[0m][0m [90m/gpfs/home/kuzhong/work/cocoa_gg_split/Cocoa/external_modules/code/cosmolike/redshift_spline.c:881:[0m tomo.shear_zmin[0] = 0.006,tomo.shear_zmax[0] = 0.741
[2022-10-06 21:18:55] [[32minfo[0m][0m [90m/gpfs/home/kuzhong/work/cocoa_gg_split/Cocoa/external_modules/code/cosmolike/redshift_spline.c:881:[0m tomo.shear_zmin[0] = 0.006,tomo.shear_zmax[0] = 0.741
[2022-10-06 21:18:55] [[32minfo[0m][0m [90m/gpfs/home/kuzhong/work/cocoa_gg_split/Cocoa/external_modules/code/cosmolike/redshift_spline.c:881:[0m tomo.shear_zmin[1] = 0.123,tomo.shear_zmax[1] = 0.998
[2022-10-06 21:18:55] [[32minfo[0m][0m [90m/gpfs/home/kuzhong/work/cocoa_gg_split/Cocoa/external_modules/code/cosmolike/redshift_spline.c:881:[0m tomo.shear_zmin[2] = 0.274,tomo.shear_zmax[2] = 1.324
[2022-10-06 21:18:55] [[32minfo[0m][0m [90m/gpfs/home/kuzhong/work/cocoa_gg_split/Cocoa/external_modules/code/cosmolike/redshift_spline.c:881:[0m tomo.shear_zmin[3] = 0.438,tomo.shear_zmax[3] = 1.674
[2022-10-06 21:18:55] [[32minfo[0m][0m [90m/gpfs/home/kuzhong/work/cocoa_gg_split/Cocoa/external_modules/code/cosmolike/redshift_spline.c:881:[0m tomo.shear_zmin[4] = 0.729,tomo.shear_zmax[4] = 3.494
[2022-10-06 21:18:55] [[32minfo[0m][0m [90m/gpfs/home/kuzhong/work/cocoa_gg_split/Cocoa/external_modules/code/cosmolike/redshift_spline.c:881:[0m tomo.shear_zmin[0] = 0.006,tomo.shear_zmax[0] = 0.741
[2022-10-06 21:18:55] [[32minfo[0m][0m [90m/gpfs/home/kuzhong/work/cocoa_gg_split/Cocoa/external_modules/code/cosmolike/redshift_spline.c:881:[0m tomo.shear_zmin[1] = 0.123,tomo.shear_zmax[1] = 0.998
[2022-10-06 21:18:55] [[32minfo[0m][0m [90m/gpfs/home/kuzhong/work/cocoa_gg_split/Cocoa/external_modules/code/cosmolike/redshift_spline.c:881:[0m tomo.shear_zmin[2] = 0.274,tomo.shear_zmax[2] = 1.324
[2022-10-06 21:18:55] [[32minfo[0m][0m [90m/gpfs/home/kuzhong/work/cocoa_gg_split/Cocoa/external_modules/code/cosmolike/redshift_spline.c:881:[0m tomo.shear_zmin[3] = 0.438,tomo.shear_zmax[3] = 1.674
[2022-10-06 21:18:55] [[32minfo[0m][0m [90m/gpfs/home/kuzhong/work/cocoa_gg_split/Cocoa/external_modules/code/cosmolike/redshift_spline.c:881:[0m tomo.shear_zmin[4] = 0.729,tomo.shear_zmax[4] = 3.494
[2022-10-06 21:18:55] [[32minfo[0m][0m [90m/gpfs/home/kuzhong/work/cocoa_gg_split/Cocoa/external_modules/code/cosmolike/redshift_spline.c:881:[0m tomo.shear_zmin[0] = 0.006,tomo.shear_zmax[0] = 0.741
[2022-10-06 21:18:55] [[32minfo[0m][0m [90m/gpfs/home/kuzhong/work/cocoa_gg_split/Cocoa/external_modules/code/cosmolike/redshift_spline.c:881:[0m tomo.shear_zmin[1] = 0.123,tomo.shear_zmax[1] = 0.998
[2022-10-06 21:18:55] [[32minfo[0m][0m [90m/gpfs/home/kuzhong/work/cocoa_gg_split/Cocoa/external_modules/code/cosmolike/redshift_spline.c:881:[0m tomo.shear_zmin[2] = 0.274,tomo.shear_zmax[2] = 1.324
[2022-10-06 21:18:55] [[32minfo[0m][0m [90m/gpfs/home/kuzhong/work/cocoa_gg_split/Cocoa/external_modules/code/cosmolike/redshift_spline.c:881:[0m tomo.shear_zmin[0] = 0.006,tomo.shear_zmax[0] = 0.741
[2022-10-06 21:18:55] [[32minfo[0m][0m [90m/gpfs/home/kuzhong/work/cocoa_gg_split/Cocoa/external_modules/code/cosmolike/redshift_spline.c:881:[0m tomo.shear_zmin[1] = 0.123,tomo.shear_zmax[1] = 0.998
[2022-10-06 21:18:55] [[32minfo[0m][0m [90m/gpfs/home/kuzhong/work/cocoa_gg_split/Cocoa/external_modules/code/cosmolike/redshift_spline.c:881:[0m tomo.shear_zmin[2] = 0.274,tomo.shear_zmax[2] = 1.324
[2022-10-06 21:18:55] [[32minfo[0m][0m [90m/gpfs/home/kuzhong/work/cocoa_gg_split/Cocoa/external_modules/code/cosmolike/redshift_spline.c:881:[0m tomo.shear_zmin[3] = 0.438,tomo.shear_zmax[3] = 1.674
[2022-10-06 21:18:55] [[32minfo[0m][0m [90m/gpfs/home/kuzhong/work/cocoa_gg_split/Cocoa/external_modules/code/cosmolike/redshift_spline.c:881:[0m tomo.shear_zmin[4] = 0.729,tomo.shear_zmax[4] = 3.494
[2022-10-06 21:18:55] [[32minfo[0m][0m [90m/gpfs/home/kuzhong/work/cocoa_gg_split/Cocoa/external_modules/code/cosmolike/redshift_spline.c:881:[0m tomo.shear_zmin[0] = 0.006,tomo.shear_zmax[0] = 0.741
[2022-10-06 21:18:55] [[32minfo[0m][0m [90m/gpfs/home/kuzhong/work/cocoa_gg_split/Cocoa/external_modules/code/cosmolike/redshift_spline.c:881:[0m tomo.shear_zmin[1] = 0.123,tomo.shear_zmax[1] = 0.998
[2022-10-06 21:18:55] [[32minfo[0m][0m [90m/gpfs/home/kuzhong/work/cocoa_gg_split/Cocoa/external_modules/code/cosmolike/redshift_spline.c:881:[0m tomo.shear_zmin[2] = 0.274,tomo.shear_zmax[2] = 1.324
[2022-10-06 21:18:55] [[32minfo[0m][0m [90m/gpfs/home/kuzhong/work/cocoa_gg_split/Cocoa/external_modules/code/cosmolike/redshift_spline.c:881:[0m tomo.shear_zmin[3] = 0.438,tomo.shear_zmax[3] = 1.674
[2022-10-06 21:18:55] [[32minfo[0m][0m [90m/gpfs/home/kuzhong/work/cocoa_gg_split/Cocoa/external_modules/code/cosmolike/redshift_spline.c:881:[0m tomo.shear_zmin[4] = 0.729,tomo.shear_zmax[4] = 3.494
[2022-10-06 21:18:55] [[32minfo[0m][0m [90m/gpfs/home/kuzhong/work/cocoa_gg_split/Cocoa/external_modules/code/cosmolike/redshift_spline.c:881:[0m tomo.shear_zmin[0] = 0.006,tomo.shear_zmax[0] = 0.741
[2022-10-06 21:18:55] [[32minfo[0m][0m [90m/gpfs/home/kuzhong/work/cocoa_gg_split/Cocoa/external_modules/code/cosmolike/redshift_spline.c:881:[0m tomo.shear_zmin[1] = 0.123,tomo.shear_zmax[1] = 0.998
[2022-10-06 21:18:55] [[32minfo[0m][0m [90m/gpfs/home/kuzhong/work/cocoa_gg_split/Cocoa/external_modules/code/cosmolike/redshift_spline.c:881:[0m tomo.shear_zmin[2] = 0.274,tomo.shear_zmax[2] = 1.324
[2022-10-06 21:18:55] [[32minfo[0m][0m [90m/gpfs/home/kuzhong/work/cocoa_gg_split/Cocoa/external_modules/code/cosmolike/redshift_spline.c:881:[0m tomo.shear_zmin[3] = 0.438,tomo.shear_zmax[3] = 1.674
[2022-10-06 21:18:55] [[32minfo[0m][0m [90m/gpfs/home/kuzhong/work/cocoa_gg_split/Cocoa/external_modules/code/cosmolike/redshift_spline.c:881:[0m tomo.shear_zmin[4] = 0.729,tomo.shear_zmax[4] = 3.494
[2022-10-06 21:18:55] [[32minfo[0m][0m [90m/gpfs/home/kuzhong/work/cocoa_gg_split/Cocoa/external_modules/code/cosmolike/redshift_spline.c:881:[0m tomo.shear_zmin[0] = 0.006,tomo.shear_zmax[0] = 0.741
[2022-10-06 21:18:55] [[32minfo[0m][0m [90m/gpfs/home/kuzhong/work/cocoa_gg_split/Cocoa/external_modules/code/cosmolike/redshift_spline.c:881:[0m tomo.shear_zmin[1] = 0.123,tomo.shear_zmax[1] = 0.998
[2022-10-06 21:18:55] [[32minfo[0m][0m [90m/gpfs/home/kuzhong/work/cocoa_gg_split/Cocoa/external_modules/code/cosmolike/redshift_spline.c:881:[0m tomo.shear_zmin[2] = 0.274,tomo.shear_zmax[2] = 1.324
[2022-10-06 21:18:55] [[32minfo[0m][0m [90m/gpfs/home/kuzhong/work/cocoa_gg_split/Cocoa/external_modules/code/cosmolike/redshift_spline.c:881:[0m tomo.shear_zmin[3] = 0.438,tomo.shear_zmax[3] = 1.674
[2022-10-06 21:18:55] [[32minfo[0m][0m [90m/gpfs/home/kuzhong/work/cocoa_gg_split/Cocoa/external_modules/code/cosmolike/redshift_spline.c:881:[0m tomo.shear_zmin[4] = 0.729,tomo.shear_zmax[4] = 3.494
[2022-10-06 21:18:55] [[32minfo[0m][0m [90m/gpfs/home/kuzhong/work/cocoa_gg_split/Cocoa/external_modules/code/cosmolike/redshift_spline.c:881:[0m tomo.shear_zmin[0] = 0.006,tomo.shear_zmax[0] = 0.741
[2022-10-06 21:18:55] [[32minfo[0m][0m [90m/gpfs/home/kuzhong/work/cocoa_gg_split/Cocoa/external_modules/code/cosmolike/redshift_spline.c:881:[0m tomo.shear_zmin[1] = 0.123,tomo.shear_zmax[1] = 0.998
[2022-10-06 21:18:55] [[32minfo[0m][0m [90m/gpfs/home/kuzhong/work/cocoa_gg_split/Cocoa/external_modules/code/cosmolike/redshift_spline.c:881:[0m tomo.shear_zmin[2] = 0.274,tomo.shear_zmax[2] = 1.324
[2022-10-06 21:18:55] [[32minfo[0m][0m [90m/gpfs/home/kuzhong/work/cocoa_gg_split/Cocoa/external_modules/code/cosmolike/redshift_spline.c:881:[0m tomo.shear_zmin[3] = 0.438,tomo.shear_zmax[3] = 1.674
[2022-10-06 21:18:55] [[32minfo[0m][0m [90m/gpfs/home/kuzhong/work/cocoa_gg_split/Cocoa/external_modules/code/cosmolike/redshift_spline.c:881:[0m tomo.shear_zmin[4] = 0.729,tomo.shear_zmax[4] = 3.494
[2022-10-06 21:18:55] [[32minfo[0m][0m [90m/gpfs/home/kuzhong/work/cocoa_gg_split/Cocoa/external_modules/code/cosmolike/redshift_spline.c:881:[0m tomo.shear_zmin[0] = 0.006,tomo.shear_zmax[0] = 0.741
[2022-10-06 21:18:55] [[32minfo[0m][0m [90m/gpfs/home/kuzhong/work/cocoa_gg_split/Cocoa/external_modules/code/cosmolike/redshift_spline.c:881:[0m tomo.shear_zmin[1] = 0.123,tomo.shear_zmax[1] = 0.998
[2022-10-06 21:18:55] [[32minfo[0m][0m [90m/gpfs/home/kuzhong/work/cocoa_gg_split/Cocoa/external_modules/code/cosmolike/redshift_spline.c:881:[0m tomo.shear_zmin[2] = 0.274,tomo.shear_zmax[2] = 1.324
[2022-10-06 21:18:55] [[32minfo[0m][0m [90m/gpfs/home/kuzhong/work/cocoa_gg_split/Cocoa/external_modules/code/cosmolike/redshift_spline.c:881:[0m tomo.shear_zmin[3] = 0.438,tomo.shear_zmax[3] = 1.674
[2022-10-06 21:18:55] [[32minfo[0m][0m [90m/gpfs/home/kuzhong/work/cocoa_gg_split/Cocoa/external_modules/code/cosmolike/redshift_spline.c:881:[0m tomo.shear_zmin[4] = 0.729,tomo.shear_zmax[4] = 3.494
[2022-10-06 21:18:55] [[32minfo[0m][0m [90m/gpfs/home/kuzhong/work/cocoa_gg_split/Cocoa/external_modules/code/cosmolike/redshift_spline.c:881:[0m tomo.shear_zmin[0] = 0.006,tomo.shear_zmax[0] = 0.741
[2022-10-06 21:18:55] [[32minfo[0m][0m [90m/gpfs/home/kuzhong/work/cocoa_gg_split/Cocoa/external_modules/code/cosmolike/redshift_spline.c:881:[0m tomo.shear_zmin[1] = 0.123,tomo.shear_zmax[1] = 0.998
[2022-10-06 21:18:55] [[32minfo[0m][0m [90m/gpfs/home/kuzhong/work/cocoa_gg_split/Cocoa/external_modules/code/cosmolike/redshift_spline.c:881:[0m tomo.shear_zmin[2] = 0.274,tomo.shear_zmax[2] = 1.324
[2022-10-06 21:18:55] [[32minfo[0m][0m [90m/gpfs/home/kuzhong/work/cocoa_gg_split/Cocoa/external_modules/code/cosmolike/redshift_spline.c:881:[0m tomo.shear_zmin[3] = 0.438,tomo.shear_zmax[3] = 1.674
[2022-10-06 21:18:55] [[32minfo[0m][0m [90m/gpfs/home/kuzhong/work/cocoa_gg_split/Cocoa/external_modules/code/cosmolike/redshift_spline.c:881:[0m tomo.shear_zmin[4] = 0.729,tomo.shear_zmax[4] = 3.494
[2022-10-06 21:18:55] [[32minfo[0m][0m [90m/gpfs/home/kuzhong/work/cocoa_gg_split/Cocoa/external_modules/code/cosmolike/redshift_spline.c:881:[0m tomo.shear_zmin[0] = 0.006,tomo.shear_zmax[0] = 0.741
[2022-10-06 21:18:55] [[32minfo[0m][0m [90m/gpfs/home/kuzhong/work/cocoa_gg_split/Cocoa/external_modules/code/cosmolike/redshift_spline.c:881:[0m tomo.shear_zmin[1] = 0.123,tomo.shear_zmax[1] = 0.998
[2022-10-06 21:18:55] [[32minfo[0m][0m [90m/gpfs/home/kuzhong/work/cocoa_gg_split/Cocoa/external_modules/code/cosmolike/redshift_spline.c:881:[0m tomo.shear_zmin[2] = 0.274,tomo.shear_zmax[2] = 1.324
[2022-10-06 21:18:55] [[32minfo[0m][0m [90m/gpfs/home/kuzhong/work/cocoa_gg_split/Cocoa/external_modules/code/cosmolike/redshift_spline.c:881:[0m tomo.shear_zmin[3] = 0.438,tomo.shear_zmax[3] = 1.674
[2022-10-06 21:18:55] [[32minfo[0m][0m [90m/gpfs/home/kuzhong/work/cocoa_gg_split/Cocoa/external_modules/code/cosmolike/redshift_spline.c:881:[0m tomo.shear_zmin[4] = 0.729,tomo.shear_zmax[4] = 3.494
[2022-10-06 21:18:55] [[32minfo[0m][0m [90m/gpfs/home/kuzhong/work/cocoa_gg_split/Cocoa/external_modules/code/cosmolike/redshift_spline.c:881:[0m tomo.shear_zmin[1] = 0.123,tomo.shear_zmax[1] = 0.998
[2022-10-06 21:18:55] [[32minfo[0m][0m [90m/gpfs/home/kuzhong/work/cocoa_gg_split/Cocoa/external_modules/code/cosmolike/redshift_spline.c:881:[0m tomo.shear_zmin[2] = 0.274,tomo.shear_zmax[2] = 1.324
[2022-10-06 21:18:55] [[32minfo[0m][0m [90m/gpfs/home/kuzhong/work/cocoa_gg_split/Cocoa/external_modules/code/cosmolike/redshift_spline.c:881:[0m tomo.shear_zmin[3] = 0.438,tomo.shear_zmax[3] = 1.674
[2022-10-06 21:18:55] [[32minfo[0m][0m [90m/gpfs/home/kuzhong/work/cocoa_gg_split/Cocoa/external_modules/code/cosmolike/redshift_spline.c:881:[0m tomo.shear_zmin[4] = 0.729,tomo.shear_zmax[4] = 3.494
[2022-10-06 21:18:55] [[32minfo[0m][0m [90m/gpfs/home/kuzhong/work/cocoa_gg_split/Cocoa/external_modules/code/cosmolike/redshift_spline.c:881:[0m tomo.shear_zmin[3] = 0.438,tomo.shear_zmax[3] = 1.674
[2022-10-06 21:18:55] [[32minfo[0m][0m [90m/gpfs/home/kuzhong/work/cocoa_gg_split/Cocoa/external_modules/code/cosmolike/redshift_spline.c:881:[0m tomo.shear_zmin[4] = 0.729,tomo.shear_zmax[4] = 3.494
[2022-10-06 21:18:55] [[32minfo[0m][0m [90m/gpfs/home/kuzhong/work/cocoa_gg_split/Cocoa/external_modules/code/cosmolike/redshift_spline.c:881:[0m tomo.shear_zmin[0] = 0.006,tomo.shear_zmax[0] = 0.741
[2022-10-06 21:18:55] [[32minfo[0m][0m [90m/gpfs/home/kuzhong/work/cocoa_gg_split/Cocoa/external_modules/code/cosmolike/redshift_spline.c:881:[0m tomo.shear_zmin[1] = 0.123,tomo.shear_zmax[1] = 0.998
[2022-10-06 21:18:55] [[32minfo[0m][0m [90m/gpfs/home/kuzhong/work/cocoa_gg_split/Cocoa/external_modules/code/cosmolike/redshift_spline.c:881:[0m tomo.shear_zmin[2] = 0.274,tomo.shear_zmax[2] = 1.324
[2022-10-06 21:18:55] [[32minfo[0m][0m [90m/gpfs/home/kuzhong/work/cocoa_gg_split/Cocoa/external_modules/code/cosmolike/redshift_spline.c:881:[0m tomo.shear_zmin[3] = 0.438,tomo.shear_zmax[3] = 1.674
[2022-10-06 21:18:55] [[32minfo[0m][0m [90m/gpfs/home/kuzhong/work/cocoa_gg_split/Cocoa/external_modules/code/cosmolike/redshift_spline.c:881:[0m tomo.shear_zmin[4] = 0.729,tomo.shear_zmax[4] = 3.494
[2022-10-06 21:18:55] [[32minfo[0m][0m [90m/gpfs/home/kuzhong/work/cocoa_gg_split/Cocoa/external_modules/code/cosmolike/redshift_spline.c:881:[0m tomo.shear_zmin[0] = 0.006,tomo.shear_zmax[0] = 0.741
[2022-10-06 21:18:55] [[32minfo[0m][0m [90m/gpfs/home/kuzhong/work/cocoa_gg_split/Cocoa/external_modules/code/cosmolike/redshift_spline.c:881:[0m tomo.shear_zmin[1] = 0.123,tomo.shear_zmax[1] = 0.998
[2022-10-06 21:18:55] [[32minfo[0m][0m [90m/gpfs/home/kuzhong/work/cocoa_gg_split/Cocoa/external_modules/code/cosmolike/redshift_spline.c:881:[0m tomo.shear_zmin[2] = 0.274,tomo.shear_zmax[2] = 1.324
[2022-10-06 21:18:55] [[32minfo[0m][0m [90m/gpfs/home/kuzhong/work/cocoa_gg_split/Cocoa/external_modules/code/cosmolike/redshift_spline.c:881:[0m tomo.shear_zmin[3] = 0.438,tomo.shear_zmax[3] = 1.674
[2022-10-06 21:18:55] [[32minfo[0m][0m [90m/gpfs/home/kuzhong/work/cocoa_gg_split/Cocoa/external_modules/code/cosmolike/redshift_spline.c:881:[0m tomo.shear_zmin[4] = 0.729,tomo.shear_zmax[4] = 3.494
[2022-10-06 21:18:55] [[32minfo[0m][0m [90m/gpfs/home/kuzhong/work/cocoa_gg_split/Cocoa/external_modules/code/cosmolike/redshift_spline.c:881:[0m tomo.shear_zmin[0] = 0.006,tomo.shear_zmax[0] = 0.741
[2022-10-06 21:18:55] [[32minfo[0m][0m [90m/gpfs/home/kuzhong/work/cocoa_gg_split/Cocoa/external_modules/code/cosmolike/redshift_spline.c:881:[0m tomo.shear_zmin[1] = 0.123,tomo.shear_zmax[1] = 0.998
[2022-10-06 21:18:55] [[32minfo[0m][0m [90m/gpfs/home/kuzhong/work/cocoa_gg_split/Cocoa/external_modules/code/cosmolike/redshift_spline.c:881:[0m tomo.shear_zmin[2] = 0.274,tomo.shear_zmax[2] = 1.324
[2022-10-06 21:18:55] [[32minfo[0m][0m [90m/gpfs/home/kuzhong/work/cocoa_gg_split/Cocoa/external_modules/code/cosmolike/redshift_spline.c:881:[0m tomo.shear_zmin[3] = 0.438,tomo.shear_zmax[3] = 1.674
[2022-10-06 21:18:55] [[32minfo[0m][0m [90m/gpfs/home/kuzhong/work/cocoa_gg_split/Cocoa/external_modules/code/cosmolike/redshift_spline.c:881:[0m tomo.shear_zmin[4] = 0.729,tomo.shear_zmax[4] = 3.494
tomo.shear_zmin[2] = 0.274,tomo.shear_zmax[2] = 1.324
[2022-10-06 21:18:55] [[32minfo[0m][0m [90m/gpfs/home/kuzhong/work/cocoa_gg_split/Cocoa/external_modules/code/cosmolike/redshift_spline.c:881:[0m tomo.shear_zmin[3] = 0.438,tomo.shear_zmax[3] = 1.674
[2022-10-06 21:18:55] [[32minfo[0m][0m [90m/gpfs/home/kuzhong/work/cocoa_gg_split/Cocoa/external_modules/code/cosmolike/redshift_spline.c:881:[0m tomo.shear_zmin[4] = 0.729,tomo.shear_zmax[4] = 3.494
[2022-10-06 21:18:55] [[32minfo[0m][0m [90m/gpfs/home/kuzhong/work/cocoa_gg_split/Cocoa/external_modules/code/cosmolike/redshift_spline.c:881:[0m tomo.shear_zmin[0] = 0.006,tomo.shear_zmax[0] = 0.741
[2022-10-06 21:18:55] [[32minfo[0m][0m [90m/gpfs/home/kuzhong/work/cocoa_gg_split/Cocoa/external_modules/code/cosmolike/redshift_spline.c:881:[0m tomo.shear_zmin[1] = 0.123,tomo.shear_zmax[1] = 0.998
[2022-10-06 21:18:55] [[32minfo[0m][0m [90m/gpfs/home/kuzhong/work/cocoa_gg_split/Cocoa/external_modules/code/cosmolike/redshift_spline.c:881:[0m tomo.shear_zmin[2] = 0.274,tomo.shear_zmax[2] = 1.324
[2022-10-06 21:18:55] [[32minfo[0m][0m [90m/gpfs/home/kuzhong/work/cocoa_gg_split/Cocoa/external_modules/code/cosmolike/redshift_spline.c:881:[0m tomo.shear_zmin[3] = 0.438,tomo.shear_zmax[3] = 1.674
[2022-10-06 21:18:55] [[32minfo[0m][0m [90m/gpfs/home/kuzhong/work/cocoa_gg_split/Cocoa/external_modules/code/cosmolike/redshift_spline.c:881:[0m tomo.shear_zmin[4] = 0.729,tomo.shear_zmax[4] = 3.494
[2022-10-06 21:18:55] [[32minfo[0m][0m [90m/gpfs/home/kuzhong/work/cocoa_gg_split/Cocoa/external_modules/code/cosmolike/redshift_spline.c:881:[0m tomo.shear_zmin[0] = 0.006,tomo.shear_zmax[0] = 0.741
[2022-10-06 21:18:55] [[32minfo[0m][0m [90m/gpfs/home/kuzhong/work/cocoa_gg_split/Cocoa/external_modules/code/cosmolike/redshift_spline.c:881:[0m tomo.shear_zmin[1] = 0.123,tomo.shear_zmax[1] = 0.998
[2022-10-06 21:18:55] [[32minfo[0m][0m [90m/gpfs/home/kuzhong/work/cocoa_gg_split/Cocoa/external_modules/code/cosmolike/redshift_spline.c:881:[0m tomo.shear_zmin[2] = 0.274,tomo.shear_zmax[2] = 1.324
[2022-10-06 21:18:55] [[32minfo[0m][0m [90m/gpfs/home/kuzhong/work/cocoa_gg_split/Cocoa/external_modules/code/cosmolike/redshift_spline.c:881:[0m tomo.shear_zmin[3] = 0.438,tomo.shear_zmax[3] = 1.674
[2022-10-06 21:18:55] [[32minfo[0m][0m [90m/gpfs/home/kuzhong/work/cocoa_gg_split/Cocoa/external_modules/code/cosmolike/redshift_spline.c:881:[0m tomo.shear_zmin[4] = 0.729,tomo.shear_zmax[4] = 3.494
[2022-10-06 21:18:55] [[32minfo[0m][0m [90m/gpfs/home/kuzhong/work/cocoa_gg_split/Cocoa/external_modules/code/cosmolike/redshift_spline.c:881:[0m tomo.shear_zmin[0] = 0.006,tomo.shear_zmax[0] = 0.741
[2022-10-06 21:18:55] [[32minfo[0m][0m [90m/gpfs/home/kuzhong/work/cocoa_gg_split/Cocoa/external_modules/code/cosmolike/redshift_spline.c:881:[0m tomo.shear_zmin[1] = 0.123,tomo.shear_zmax[1] = 0.998
[2022-10-06 21:18:55] [[32minfo[0m][0m [90m/gpfs/home/kuzhong/work/cocoa_gg_split/Cocoa/external_modules/code/cosmolike/redshift_spline.c:881:[0m tomo.shear_zmin[2] = 0.274,tomo.shear_zmax[2] = 1.324
[2022-10-06 21:18:55] [[32minfo[0m][0m [90m/gpfs/home/kuzhong/work/cocoa_gg_split/Cocoa/external_modules/code/cosmolike/redshift_spline.c:881:[0m tomo.shear_zmin[3] = 0.438,tomo.shear_zmax[3] = 1.674
[2022-10-06 21:18:55] [[32minfo[0m][0m [90m/gpfs/home/kuzhong/work/cocoa_gg_split/Cocoa/external_modules/code/cosmolike/redshift_spline.c:881:[0m tomo.shear_zmin[4] = 0.729,tomo.shear_zmax[4] = 3.494
[2022-10-06 21:18:55] [[32minfo[0m][0m [90m/gpfs/home/kuzhong/work/cocoa_gg_split/Cocoa/external_modules/code/cosmolike/redshift_spline.c:881:[0m tomo.shear_zmin[0] = 0.006,tomo.shear_zmax[0] = 0.741
[2022-10-06 21:18:55] [[32minfo[0m][0m [90m/gpfs/home/kuzhong/work/cocoa_gg_split/Cocoa/external_modules/code/cosmolike/redshift_spline.c:881:[0m tomo.shear_zmin[1] = 0.123,tomo.shear_zmax[1] = 0.998
[2022-10-06 21:18:55] [[32minfo[0m][0m [90m/gpfs/home/kuzhong/work/cocoa_gg_split/Cocoa/external_modules/code/cosmolike/redshift_spline.c:881:[0m tomo.shear_zmin[2] = 0.274,tomo.shear_zmax[2] = 1.324
[2022-10-06 21:18:55] [[32minfo[0m][0m [90m/gpfs/home/kuzhong/work/cocoa_gg_split/Cocoa/external_modules/code/cosmolike/redshift_spline.c:881:[0m tomo.shear_zmin[3] = 0.438,tomo.shear_zmax[3] = 1.674
[2022-10-06 21:18:55] [[32minfo[0m][0m [90m/gpfs/home/kuzhong/work/cocoa_gg_split/Cocoa/external_modules/code/cosmolike/redshift_spline.c:881:[0m tomo.shear_zmin[4] = 0.729,tomo.shear_zmax[4] = 3.494
[2022-10-06 21:18:55] [[32minfo[0m][0m [90m/gpfs/home/kuzhong/work/cocoa_gg_split/Cocoa/external_modules/code/cosmolike/redshift_spline.c:881:[0m tomo.shear_zmin[0] = 0.006,tomo.shear_zmax[0] = 0.741
[2022-10-06 21:18:55] [[32minfo[0m][0m [90m/gpfs/home/kuzhong/work/cocoa_gg_split/Cocoa/external_modules/code/cosmolike/redshift_spline.c:881:[0m tomo.shear_zmin[1] = 0.123,tomo.shear_zmax[1] = 0.998
[2022-10-06 21:18:55] [[32minfo[0m][0m [90m/gpfs/home/kuzhong/work/cocoa_gg_split/Cocoa/external_modules/code/cosmolike/redshift_spline.c:881:[0m tomo.shear_zmin[2] = 0.274,tomo.shear_zmax[2] = 1.324
[2022-10-06 21:18:55] [[32minfo[0m][0m [90m/gpfs/home/kuzhong/work/cocoa_gg_split/Cocoa/external_modules/code/cosmolike/redshift_spline.c:881:[0m tomo.shear_zmin[3] = 0.438,tomo.shear_zmax[3] = 1.674
[2022-10-06 21:18:55] [[32minfo[0m][0m [90m/gpfs/home/kuzhong/work/cocoa_gg_split/Cocoa/external_modules/code/cosmolike/redshift_spline.c:881:[0m tomo.shear_zmin[4] = 0.729,tomo.shear_zmax[4] = 3.494
[2022-10-06 21:18:55] [[32minfo[0m][0m [90m/gpfs/home/kuzhong/work/cocoa_gg_split/Cocoa/external_modules/code/cosmolike/redshift_spline.c:1428:[0m [2022-10-06 21:18:55] [[32minfo[0m][0m [90m/gpfs/home/kuzhong/work/cocoa_gg_split/Cocoa/external_modules/code/cosmolike/redshift_spline.c:1428:[0m [2022-10-06 21:18:55] [[32minfo[0m][0m [90m/gpfs/home/kuzhong/work/cocoa_gg_split/Cocoa/external_modules/code/cosmolike/redshift_spline.c:1428:[0m tomo.clustering_zmin[0] = 0.053,tomo.clustering_zmax[0] = 0.589
[2022-10-06 21:18:55] [[32minfo[0m][0m [90m/gpfs/home/kuzhong/work/cocoa_gg_split/Cocoa/external_modules/code/cosmolike/redshift_spline.c:1428:[0m tomo.clustering_zmin[1] = 0.239,tomo.clustering_zmax[1] = 0.799
[2022-10-06 21:18:55] [[32minfo[0m][0m [90m/gpfs/home/kuzhong/work/cocoa_gg_split/Cocoa/external_modules/code/cosmolike/redshift_spline.c:1428:[0m tomo.clustering_zmin[2] = 0.379,tomo.clustering_zmax[2] = 0.986
[2022-10-06 21:18:55] [[32minfo[0m][0m [90m/gpfs/home/kuzhong/work/cocoa_gg_split/Cocoa/external_modules/code/cosmolike/redshift_spline.c:1428:[0m tomo.clustering_zmin[3] = 0.519,tomo.clustering_zmax[3] = 1.208
[2022-10-06 21:18:55] [[32minfo[0m][0m [90m/gpfs/home/kuzhong/work/cocoa_gg_split/Cocoa/external_modules/code/cosmolike/redshift_spline.c:1428:[0m tomo.clustering_zmin[4] = 0.718,tomo.clustering_zmax[4] = 1.488
tomo.clustering_zmin[0] = 0.053,tomo.clustering_zmax[0] = 0.589
[2022-10-06 21:18:55] [[32minfo[0m][0m [90m/gpfs/home/kuzhong/work/cocoa_gg_split/Cocoa/external_modules/code/cosmolike/redshift_spline.c:1428:[0m tomo.clustering_zmin[1] = 0.239,tomo.clustering_zmax[1] = 0.799
[2022-10-06 21:18:55] [[32minfo[0m][0m [90m/gpfs/home/kuzhong/work/cocoa_gg_split/Cocoa/external_modules/code/cosmolike/redshift_spline.c:1428:[0m tomo.clustering_zmin[2] = 0.379,tomo.clustering_zmax[2] = 0.986
[2022-10-06 21:18:55] [[32minfo[0m][0m [90m/gpfs/home/kuzhong/work/cocoa_gg_split/Cocoa/external_modules/code/cosmolike/redshift_spline.c:1428:[0m tomo.clustering_zmin[3] = 0.519,tomo.clustering_zmax[3] = 1.208
[2022-10-06 21:18:55] [[32minfo[0m][0m [90m/gpfs/home/kuzhong/work/cocoa_gg_split/Cocoa/external_modules/code/cosmolike/redshift_spline.c:1428:[0m tomo.clustering_zmin[4] = 0.718,tomo.clustering_zmax[4] = 1.488
tomo.clustering_zmin[0] = 0.053,tomo.clustering_zmax[0] = 0.589[2022-10-06 21:18:55] [[32minfo[0m][0m [90m/gpfs/home/kuzhong/work/cocoa_gg_split/Cocoa/external_modules/code/cosmolike/redshift_spline.c:1428:[0m tomo.clustering_zmin[0] = 0.053,tomo.clustering_zmax[0] = 0.589
[2022-10-06 21:18:55] [[32minfo[0m][0m [90m/gpfs/home/kuzhong/work/cocoa_gg_split/Cocoa/external_modules/code/cosmolike/redshift_spline.c:1428:[0m tomo.clustering_zmin[1] = 0.239,tomo.clustering_zmax[1] = 0.799
[2022-10-06 21:18:55] [[32minfo[0m][0m [90m/gpfs/home/kuzhong/work/cocoa_gg_split/Cocoa/external_modules/code/cosmolike/redshift_spline.c:1428:[0m tomo.clustering_zmin[2] = 0.379,tomo.clustering_zmax[2] = 0.986
[2022-10-06 21:18:55] [[32minfo[0m][0m [90m/gpfs/home/kuzhong/work/cocoa_gg_split/Cocoa/external_modules/code/cosmolike/redshift_spline.c:1428:[0m tomo.clustering_zmin[3] = 0.519,tomo.clustering_zmax[3] = 1.208
[2022-10-06 21:18:55] [[32minfo[0m][0m [90m/gpfs/home/kuzhong/work/cocoa_gg_split/Cocoa/external_modules/code/cosmolike/redshift_spline.c:1428:[0m tomo.clustering_zmin[4] = 0.718,tomo.clustering_zmax[4] = 1.488
[2022-10-06 21:18:55] [[32minfo[0m][0m [90m/gpfs/home/kuzhong/work/cocoa_gg_split/Cocoa/external_modules/code/cosmolike/redshift_spline.c:1428:[0m tomo.clustering_zmin[0] = 0.053,tomo.clustering_zmax[0] = 0.589
[2022-10-06 21:18:55] [[32minfo[0m][0m [90m/gpfs/home/kuzhong/work/cocoa_gg_split/Cocoa/external_modules/code/cosmolike/redshift_spline.c:1428:[0m tomo.clustering_zmin[1] = 0.239,tomo.clustering_zmax[1] = 0.799
[2022-10-06 21:18:55] [[32minfo[0m][0m [90m/gpfs/home/kuzhong/work/cocoa_gg_split/Cocoa/external_modules/code/cosmolike/redshift_spline.c:1428:[0m tomo.clustering_zmin[2] = 0.379,tomo.clustering_zmax[2] = 0.986
[2022-10-06 21:18:55] [[32minfo[0m][0m [90m/gpfs/home/kuzhong/work/cocoa_gg_split/Cocoa/external_modules/code/cosmolike/redshift_spline.c:1428:[0m tomo.clustering_zmin[3] = 0.519,tomo.clustering_zmax[3] = 1.208
[2022-10-06 21:18:55] [[32minfo[0m][0m [90m/gpfs/home/kuzhong/work/cocoa_gg_split/Cocoa/external_modules/code/cosmolike/redshift_spline.c:1428:[0m tomo.clustering_zmin[4] = 0.718,tomo.clustering_zmax[4] = 1.488

[2022-10-06 21:18:55] [[32minfo[0m][0m [90m/gpfs/home/kuzhong/work/cocoa_gg_split/Cocoa/external_modules/code/cosmolike/redshift_spline.c:1428:[0m tomo.clustering_zmin[1] = 0.239,tomo.clustering_zmax[1] = 0.799
[2022-10-06 21:18:55] [[32minfo[0m][0m [90m/gpfs/home/kuzhong/work/cocoa_gg_split/Cocoa/external_modules/code/cosmolike/redshift_spline.c:1428:[0m tomo.clustering_zmin[0] = 0.053,tomo.clustering_zmax[0] = 0.589
[2022-10-06 21:18:55] [[32minfo[0m][0m [90m/gpfs/home/kuzhong/work/cocoa_gg_split/Cocoa/external_modules/code/cosmolike/redshift_spline.c:1428:[0m tomo.clustering_zmin[1] = 0.239,tomo.clustering_zmax[1] = 0.799
[2022-10-06 21:18:55] [[32minfo[0m][0m [90m/gpfs/home/kuzhong/work/cocoa_gg_split/Cocoa/external_modules/code/cosmolike/redshift_spline.c:1428:[0m tomo.clustering_zmin[2] = 0.379,tomo.clustering_zmax[2] = 0.986
[2022-10-06 21:18:55] [[32minfo[0m][0m [90m/gpfs/home/kuzhong/work/cocoa_gg_split/Cocoa/external_modules/code/cosmolike/redshift_spline.c:1428:[0m tomo.clustering_zmin[3] = 0.519,tomo.clustering_zmax[3] = 1.208
[2022-10-06 21:18:55] [[32minfo[0m][0m [90m/gpfs/home/kuzhong/work/cocoa_gg_split/Cocoa/external_modules/code/cosmolike/redshift_spline.c:1428:[0m tomo.clustering_zmin[0] = 0.053,tomo.clustering_zmax[0] = 0.589
[2022-10-06 21:18:55] [[32minfo[0m][0m [90m/gpfs/home/kuzhong/work/cocoa_gg_split/Cocoa/external_modules/code/cosmolike/redshift_spline.c:1428:[0m tomo.clustering_zmin[1] = 0.239,tomo.clustering_zmax[1] = 0.799
[2022-10-06 21:18:55] [[32minfo[0m][0m [90m/gpfs/home/kuzhong/work/cocoa_gg_split/Cocoa/external_modules/code/cosmolike/redshift_spline.c:1428:[0m tomo.clustering_zmin[4] = 0.718,tomo.clustering_zmax[4] = 1.488
[2022-10-06 21:18:55] [[32minfo[0m][0m [90m/gpfs/home/kuzhong/work/cocoa_gg_split/Cocoa/external_modules/code/cosmolike/redshift_spline.c:1428:[0m tomo.clustering_zmin[2] = 0.379,tomo.clustering_zmax[2] = 0.986
[2022-10-06 21:18:55] [[32minfo[0m][0m [90m/gpfs/home/kuzhong/work/cocoa_gg_split/Cocoa/external_modules/code/cosmolike/redshift_spline.c:1428:[0m tomo.clustering_zmin[3] = 0.519,tomo.clustering_zmax[3] = 1.208
[2022-10-06 21:18:55] [[32minfo[0m][0m [90m/gpfs/home/kuzhong/work/cocoa_gg_split/Cocoa/external_modules/code/cosmolike/redshift_spline.c:1428:[0m [2022-10-06 21:18:55] [[32minfo[0m][0m [90m/gpfs/home/kuzhong/work/cocoa_gg_split/Cocoa/external_modules/code/cosmolike/redshift_spline.c:1428:[0m tomo.clustering_zmin[0] = 0.053,tomo.clustering_zmax[0] = 0.589
[2022-10-06 21:18:55] [[32minfo[0m][0m [90m/gpfs/home/kuzhong/work/cocoa_gg_split/Cocoa/external_modules/code/cosmolike/redshift_spline.c:1428:[0m tomo.clustering_zmin[1] = 0.239,tomo.clustering_zmax[1] = 0.799
[2022-10-06 21:18:55] [[32minfo[0m][0m [90m/gpfs/home/kuzhong/work/cocoa_gg_split/Cocoa/external_modules/code/cosmolike/redshift_spline.c:1428:[0m tomo.clustering_zmin[2] = 0.379,tomo.clustering_zmax[2] = 0.986
[2022-10-06 21:18:55] [[32minfo[0m][0m [90m/gpfs/home/kuzhong/work/cocoa_gg_split/Cocoa/external_modules/code/cosmolike/redshift_spline.c:1428:[0m tomo.clustering_zmin[4] = 0.718,tomo.clustering_zmax[4] = 1.488
tomo.clustering_zmin[3] = 0.519,tomo.clustering_zmax[3] = 1.208
[2022-10-06 21:18:55] [[32minfo[0m][0m [90m/gpfs/home/kuzhong/work/cocoa_gg_split/Cocoa/external_modules/code/cosmolike/redshift_spline.c:1428:[0m tomo.clustering_zmin[4] = 0.718,tomo.clustering_zmax[4] = 1.488
[2022-10-06 21:18:55] [[32minfo[0m][0m [90m/gpfs/home/kuzhong/work/cocoa_gg_split/Cocoa/external_modules/code/cosmolike/redshift_spline.c:1428:[0m tomo.clustering_zmin[0] = 0.053,tomo.clustering_zmax[0] = 0.589
[2022-10-06 21:18:55] [[32minfo[0m][0m [90m/gpfs/home/kuzhong/work/cocoa_gg_split/Cocoa/external_modules/code/cosmolike/redshift_spline.c:1428:[0m tomo.clustering_zmin[1] = 0.239,tomo.clustering_zmax[1] = 0.799
[2022-10-06 21:18:55] [[32minfo[0m][0m [90m/gpfs/home/kuzhong/work/cocoa_gg_split/Cocoa/external_modules/code/cosmolike/redshift_spline.c:1428:[0m tomo.clustering_zmin[0] = 0.053,tomo.clustering_zmax[0] = 0.589
[2022-10-06 21:18:55] [[32minfo[0m][0m [90m/gpfs/home/kuzhong/work/cocoa_gg_split/Cocoa/external_modules/code/cosmolike/redshift_spline.c:1428:[0m tomo.clustering_zmin[0] = 0.053,tomo.clustering_zmax[0] = 0.589
[2022-10-06 21:18:55] [[32minfo[0m][0m [90m/gpfs/home/kuzhong/work/cocoa_gg_split/Cocoa/external_modules/code/cosmolike/redshift_spline.c:1428:[0m tomo.clustering_zmin[1] = 0.239,tomo.clustering_zmax[1] = 0.799
[2022-10-06 21:18:55] [[32minfo[0m][0m [90m/gpfs/home/kuzhong/work/cocoa_gg_split/Cocoa/external_modules/code/cosmolike/redshift_spline.c:1428:[0m tomo.clustering_zmin[2] = 0.379,tomo.clustering_zmax[2] = 0.986
[2022-10-06 21:18:55] [[32minfo[0m][0m [90m/gpfs/home/kuzhong/work/cocoa_gg_split/Cocoa/external_modules/code/cosmolike/redshift_spline.c:1428:[0m [2022-10-06 21:18:55] [[32minfo[0m][0m [90m/gpfs/home/kuzhong/work/cocoa_gg_split/Cocoa/external_modules/code/cosmolike/redshift_spline.c:1428:[0m tomo.clustering_zmin[2] = 0.379,tomo.clustering_zmax[2] = 0.986
[2022-10-06 21:18:55] [[32minfo[0m][0m [90m/gpfs/home/kuzhong/work/cocoa_gg_split/Cocoa/external_modules/code/cosmolike/redshift_spline.c:1428:[0m tomo.clustering_zmin[3] = 0.519,tomo.clustering_zmax[3] = 1.208
[2022-10-06 21:18:55] [[32minfo[0m][0m [90m/gpfs/home/kuzhong/work/cocoa_gg_split/Cocoa/external_modules/code/cosmolike/redshift_spline.c:1428:[0m tomo.clustering_zmin[4] = 0.718,tomo.clustering_zmax[4] = 1.488
tomo.clustering_zmin[3] = 0.519,tomo.clustering_zmax[3] = 1.208
[2022-10-06 21:18:55] [[32minfo[0m][0m [90m/gpfs/home/kuzhong/work/cocoa_gg_split/Cocoa/external_modules/code/cosmolike/redshift_spline.c:1428:[0m tomo.clustering_zmin[4] = 0.718,tomo.clustering_zmax[4] = 1.488
[2022-10-06 21:18:55] [[32minfo[0m][0m [90m/gpfs/home/kuzhong/work/cocoa_gg_split/Cocoa/external_modules/code/cosmolike/redshift_spline.c:1428:[0m tomo.clustering_zmin[1] = 0.239,tomo.clustering_zmax[1] = 0.799
[2022-10-06 21:18:55] [[32minfo[0m][0m [90m/gpfs/home/kuzhong/work/cocoa_gg_split/Cocoa/external_modules/code/cosmolike/redshift_spline.c:1428:[0m tomo.clustering_zmin[2] = 0.379,tomo.clustering_zmax[2] = 0.986
[2022-10-06 21:18:55] [[32minfo[0m][0m [90m/gpfs/home/kuzhong/work/cocoa_gg_split/Cocoa/external_modules/code/cosmolike/redshift_spline.c:1428:[0m tomo.clustering_zmin[3] = 0.519,tomo.clustering_zmax[3] = 1.208
[2022-10-06 21:18:55] [[32minfo[0m][0m [90m/gpfs/home/kuzhong/work/cocoa_gg_split/Cocoa/external_modules/code/cosmolike/redshift_spline.c:1428:[0m tomo.clustering_zmin[4] = 0.718,tomo.clustering_zmax[4] = 1.488
[2022-10-06 21:18:55] [[32minfo[0m][0m [90m/gpfs/home/kuzhong/work/cocoa_gg_split/Cocoa/external_modules/code/cosmolike/redshift_spline.c:1428:[0m tomo.clustering_zmin[2] = 0.379,tomo.clustering_zmax[2] = 0.986
[2022-10-06 21:18:55] [[32minfo[0m][0m [90m/gpfs/home/kuzhong/work/cocoa_gg_split/Cocoa/external_modules/code/cosmolike/redshift_spline.c:1428:[0m [2022-10-06 21:18:55] [[32minfo[0m][0m [90m/gpfs/home/kuzhong/work/cocoa_gg_split/Cocoa/external_modules/code/cosmolike/redshift_spline.c:1428:[0m tomo.clustering_zmin[3] = 0.519,tomo.clustering_zmax[3] = 1.208
[2022-10-06 21:18:55] [[32minfo[0m][0m [90m/gpfs/home/kuzhong/work/cocoa_gg_split/Cocoa/external_modules/code/cosmolike/redshift_spline.c:1428:[0m tomo.clustering_zmin[4] = 0.718,tomo.clustering_zmax[4] = 1.488
[2022-10-06 21:18:55] [[32minfo[0m][0m [90m/gpfs/home/kuzhong/work/cocoa_gg_split/Cocoa/external_modules/code/cosmolike/redshift_spline.c:1428:[0m tomo.clustering_zmin[0] = 0.053,tomo.clustering_zmax[0] = 0.589
[2022-10-06 21:18:55] [[32minfo[0m][0m [90m/gpfs/home/kuzhong/work/cocoa_gg_split/Cocoa/external_modules/code/cosmolike/redshift_spline.c:1428:[0m tomo.clustering_zmin[1] = 0.239,tomo.clustering_zmax[1] = 0.799
[2022-10-06 21:18:55] [[32minfo[0m][0m [90m/gpfs/home/kuzhong/work/cocoa_gg_split/Cocoa/external_modules/code/cosmolike/redshift_spline.c:1428:[0m tomo.clustering_zmin[2] = 0.379,tomo.clustering_zmax[2] = 0.986
[2022-10-06 21:18:55] [[32minfo[0m][0m [90m/gpfs/home/kuzhong/work/cocoa_gg_split/Cocoa/external_modules/code/cosmolike/redshift_spline.c:1428:[0m tomo.clustering_zmin[3] = 0.519,tomo.clustering_zmax[3] = 1.208
[2022-10-06 21:18:55] [[32minfo[0m][0m [90m/gpfs/home/kuzhong/work/cocoa_gg_split/Cocoa/external_modules/code/cosmolike/redshift_spline.c:1428:[0m tomo.clustering_zmin[4] = 0.718,tomo.clustering_zmax[4] = 1.488
tomo.clustering_zmin[0] = 0.053,tomo.clustering_zmax[0] = 0.589[2022-10-06 21:18:55] [[32minfo[0m][0m [90m/gpfs/home/kuzhong/work/cocoa_gg_split/Cocoa/external_modules/code/cosmolike/redshift_spline.c:1428:[0m tomo.clustering_zmin[0] = 0.053,tomo.clustering_zmax[0] = 0.589
[2022-10-06 21:18:55] [[32minfo[0m][0m [90m/gpfs/home/kuzhong/work/cocoa_gg_split/Cocoa/external_modules/code/cosmolike/redshift_spline.c:1428:[0m 
tomo.clustering_zmin[1] = 0.239,tomo.clustering_zmax[1] = 0.799
[2022-10-06 21:18:55] [[32minfo[0m][0m [90m/gpfs/home/kuzhong/work/cocoa_gg_split/Cocoa/external_modules/code/cosmolike/redshift_spline.c:1428:[0m tomo.clustering_zmin[2] = 0.379,tomo.clustering_zmax[2] = 0.986
[2022-10-06 21:18:55] [[32minfo[0m][0m [90m/gpfs/home/kuzhong/work/cocoa_gg_split/Cocoa/external_modules/code/cosmolike/redshift_spline.c:1428:[0m tomo.clustering_zmin[3] = 0.519,tomo.clustering_zmax[3] = 1.208
[2022-10-06 21:18:55] [[32minfo[0m][0m [90m/gpfs/home/kuzhong/work/cocoa_gg_split/Cocoa/external_modules/code/cosmolike/redshift_spline.c:1428:[0m tomo.clustering_zmin[4] = 0.718,tomo.clustering_zmax[4] = 1.488
[2022-10-06 21:18:55] [[32minfo[0m][0m [90m/gpfs/home/kuzhong/work/cocoa_gg_split/Cocoa/external_modules/code/cosmolike/redshift_spline.c:1428:[0m tomo.clustering_zmin[1] = 0.239,tomo.clustering_zmax[1] = 0.799[2022-10-06 21:18:55] [[32minfo[0m][0m [90m/gpfs/home/kuzhong/work/cocoa_gg_split/Cocoa/external_modules/code/cosmolike/redshift_spline.c:1428:[0m tomo.clustering_zmin[0] = 0.053,tomo.clustering_zmax[0] = 0.589
[2022-10-06 21:18:55] [[32minfo[0m][0m [90m/gpfs/home/kuzhong/work/cocoa_gg_split/Cocoa/external_modules/code/cosmolike/redshift_spline.c:1428:[0m tomo.clustering_zmin[1] = 0.239,tomo.clustering_zmax[1] = 0.799
[2022-10-06 21:18:55] [[32minfo[0m][0m [90m/gpfs/home/kuzhong/work/cocoa_gg_split/Cocoa/external_modules/code/cosmolike/redshift_spline.c:1428:[0m tomo.clustering_zmin[2] = 0.379,tomo.clustering_zmax[2] = 0.986
[2022-10-06 21:18:55] [[32minfo[0m][0m [90m/gpfs/home/kuzhong/work/cocoa_gg_split/Cocoa/external_modules/code/cosmolike/redshift_spline.c:1428:[0m tomo.clustering_zmin[3] = 0.519,tomo.clustering_zmax[3] = 1.208
[2022-10-06 21:18:55] [[32minfo[0m][0m [90m/gpfs/home/kuzhong/work/cocoa_gg_split/Cocoa/external_modules/code/cosmolike/redshift_spline.c:1428:[0m tomo.clustering_zmin[0] = 0.053,tomo.clustering_zmax[0] = 0.589
[2022-10-06 21:18:55] [[32minfo[0m][0m [90m/gpfs/home/kuzhong/work/cocoa_gg_split/Cocoa/external_modules/code/cosmolike/redshift_spline.c:1428:[0m tomo.clustering_zmin[1] = 0.239,tomo.clustering_zmax[1] = 0.799
[2022-10-06 21:18:55] [[32minfo[0m][0m [90m/gpfs/home/kuzhong/work/cocoa_gg_split/Cocoa/external_modules/code/cosmolike/redshift_spline.c:1428:[0m tomo.clustering_zmin[2] = 0.379,tomo.clustering_zmax[2] = 0.986
[2022-10-06 21:18:55] [[32minfo[0m][0m [90m/gpfs/home/kuzhong/work/cocoa_gg_split/Cocoa/external_modules/code/cosmolike/redshift_spline.c:1428:[0m tomo.clustering_zmin[4] = 0.718,tomo.clustering_zmax[4] = 1.488
[2022-10-06 21:18:55] [[32minfo[0m][0m [90m/gpfs/home/kuzhong/work/cocoa_gg_split/Cocoa/external_modules/code/cosmolike/redshift_spline.c:1428:[0m tomo.clustering_zmin[3] = 0.519,tomo.clustering_zmax[3] = 1.208
[2022-10-06 21:18:55] [[32minfo[0m][0m [90m/gpfs/home/kuzhong/work/cocoa_gg_split/Cocoa/external_modules/code/cosmolike/redshift_spline.c:1428:[0m [2022-10-06 21:18:55] [[32minfo[0m][0m [90m/gpfs/home/kuzhong/work/cocoa_gg_split/Cocoa/external_modules/code/cosmolike/redshift_spline.c:1428:[0m tomo.clustering_zmin[0] = 0.053,tomo.clustering_zmax[0] = 0.589
[2022-10-06 21:18:55] [[32minfo[0m][0m [90m/gpfs/home/kuzhong/work/cocoa_gg_split/Cocoa/external_modules/code/cosmolike/redshift_spline.c:1428:[0m tomo.clustering_zmin[1] = 0.239,tomo.clustering_zmax[1] = 0.799
tomo.clustering_zmin[4] = 0.718,tomo.clustering_zmax[4] = 1.488
[2022-10-06 21:18:55] [[32minfo[0m][0m [90m/gpfs/home/kuzhong/work/cocoa_gg_split/Cocoa/external_modules/code/cosmolike/redshift_spline.c:1428:[0m tomo.clustering_zmin[0] = 0.053,tomo.clustering_zmax[0] = 0.589
[2022-10-06 21:18:55] [[32minfo[0m][0m [90m/gpfs/home/kuzhong/work/cocoa_gg_split/Cocoa/external_modules/code/cosmolike/redshift_spline.c:1428:[0m tomo.clustering_zmin[1] = 0.239,tomo.clustering_zmax[1] = 0.799
[2022-10-06 21:18:55] [[32minfo[0m][0m [90m/gpfs/home/kuzhong/work/cocoa_gg_split/Cocoa/external_modules/code/cosmolike/redshift_spline.c:1428:[0m tomo.clustering_zmin[2] = 0.379,tomo.clustering_zmax[2] = 0.986
[2022-10-06 21:18:55] [[32minfo[0m][0m [90m/gpfs/home/kuzhong/work/cocoa_gg_split/Cocoa/external_modules/code/cosmolike/redshift_spline.c:1428:[0m tomo.clustering_zmin[3] = 0.519,tomo.clustering_zmax[3] = 1.208
[2022-10-06 21:18:55] [[32minfo[0m][0m [90m/gpfs/home/kuzhong/work/cocoa_gg_split/Cocoa/external_modules/code/cosmolike/redshift_spline.c:1428:[0m tomo.clustering_zmin[4] = 0.718,tomo.clustering_zmax[4] = 1.488
[2022-10-06 21:18:55] [[32minfo[0m][0m [90m/gpfs/home/kuzhong/work/cocoa_gg_split/Cocoa/external_modules/code/cosmolike/redshift_spline.c:1428:[0m tomo.clustering_zmin[2] = 0.379,tomo.clustering_zmax[2] = 0.986
[2022-10-06 21:18:55] [[32minfo[0m][0m [90m/gpfs/home/kuzhong/work/cocoa_gg_split/Cocoa/external_modules/code/cosmolike/redshift_spline.c:1428:[0m tomo.clustering_zmin[3] = 0.519,tomo.clustering_zmax[3] = 1.208
[2022-10-06 21:18:55] [[32minfo[0m][0m [90m/gpfs/home/kuzhong/work/cocoa_gg_split/Cocoa/external_modules/code/cosmolike/redshift_spline.c:1428:[0m tomo.clustering_zmin[4] = 0.718,tomo.clustering_zmax[4] = 1.488

[2022-10-06 21:18:55] [[32minfo[0m][0m [90m/gpfs/home/kuzhong/work/cocoa_gg_split/Cocoa/external_modules/code/cosmolike/redshift_spline.c:1428:[0m tomo.clustering_zmin[2] = 0.379,tomo.clustering_zmax[2] = 0.986[2022-10-06 21:18:55] [[32minfo[0m][0m [90m/gpfs/home/kuzhong/work/cocoa_gg_split/Cocoa/external_modules/code/cosmolike/redshift_spline.c:1428:[0m tomo.clustering_zmin[0] = 0.053,tomo.clustering_zmax[0] = 0.589
[2022-10-06 21:18:55] [[32minfo[0m][0m [90m/gpfs/home/kuzhong/work/cocoa_gg_split/Cocoa/external_modules/code/cosmolike/redshift_spline.c:1428:[0m tomo.clustering_zmin[1] = 0.239,tomo.clustering_zmax[1] = 0.799
[2022-10-06 21:18:55] [[32minfo[0m][0m [90m/gpfs/home/kuzhong/work/cocoa_gg_split/Cocoa/external_modules/code/cosmolike/redshift_spline.c:1428:[0m tomo.clustering_zmin[2] = 0.379,tomo.clustering_zmax[2] = 0.986
[2022-10-06 21:18:55] [[32minfo[0m][0m [90m/gpfs/home/kuzhong/work/cocoa_gg_split/Cocoa/external_modules/code/cosmolike/redshift_spline.c:1428:[0m tomo.clustering_zmin[3] = 0.519,tomo.clustering_zmax[3] = 1.208
[2022-10-06 21:18:55] [[32minfo[0m][0m [90m/gpfs/home/kuzhong/work/cocoa_gg_split/Cocoa/external_modules/code/cosmolike/redshift_spline.c:1428:[0m tomo.clustering_zmin[4] = 0.718,tomo.clustering_zmax[4] = 1.488

[2022-10-06 21:18:55] [[32minfo[0m][0m [90m/gpfs/home/kuzhong/work/cocoa_gg_split/Cocoa/external_modules/code/cosmolike/redshift_spline.c:1428:[0m tomo.clustering_zmin[3] = 0.519,tomo.clustering_zmax[3] = 1.208
[2022-10-06 21:18:55] [[32minfo[0m][0m [90m/gpfs/home/kuzhong/work/cocoa_gg_split/Cocoa/external_modules/code/cosmolike/redshift_spline.c:1428:[0m [2022-10-06 21:18:55] [[32minfo[0m][0m [90m/gpfs/home/kuzhong/work/cocoa_gg_split/Cocoa/external_modules/code/cosmolike/redshift_spline.c:1428:[0m tomo.clustering_zmin[0] = 0.053,tomo.clustering_zmax[0] = 0.589
tomo.clustering_zmin[4] = 0.718,tomo.clustering_zmax[4] = 1.488[2022-10-06 21:18:55] [[32minfo[0m][0m [90m/gpfs/home/kuzhong/work/cocoa_gg_split/Cocoa/external_modules/code/cosmolike/redshift_spline.c:1428:[0m tomo.clustering_zmin[1] = 0.239,tomo.clustering_zmax[1] = 0.799
[2022-10-06 21:18:55] [[32minfo[0m][0m [90m/gpfs/home/kuzhong/work/cocoa_gg_split/Cocoa/external_modules/code/cosmolike/redshift_spline.c:1428:[0m tomo.clustering_zmin[2] = 0.379,tomo.clustering_zmax[2] = 0.986
[2022-10-06 21:18:55] [[32minfo[0m][0m [90m/gpfs/home/kuzhong/work/cocoa_gg_split/Cocoa/external_modules/code/cosmolike/redshift_spline.c:1428:[0m tomo.clustering_zmin[3] = 0.519,tomo.clustering_zmax[3] = 1.208
[2022-10-06 21:18:55] [[32minfo[0m][0m [90m/gpfs/home/kuzhong/work/cocoa_gg_split/Cocoa/external_modules/code/cosmolike/redshift_spline.c:1428:[0m tomo.clustering_zmin[4] = 0.718,tomo.clustering_zmax[4] = 1.488

[2022-10-06 21:18:55] [[32minfo[0m][0m [90m/gpfs/home/kuzhong/work/cocoa_gg_split/Cocoa/external_modules/code/cosmolike/redshift_spline.c:1428:[0m [2022-10-06 21:18:55] [[32minfo[0m][0m [90m/gpfs/home/kuzhong/work/cocoa_gg_split/Cocoa/external_modules/code/cosmolike/redshift_spline.c:1428:[0m tomo.clustering_zmin[0] = 0.053,tomo.clustering_zmax[0] = 0.589
[2022-10-06 21:18:55] [[32minfo[0m][0m [90m/gpfs/home/kuzhong/work/cocoa_gg_split/Cocoa/external_modules/code/cosmolike/redshift_spline.c:1428:[0m tomo.clustering_zmin[1] = 0.239,tomo.clustering_zmax[1] = 0.799
[2022-10-06 21:18:55] [[32minfo[0m][0m [90m/gpfs/home/kuzhong/work/cocoa_gg_split/Cocoa/external_modules/code/cosmolike/redshift_spline.c:1428:[0m tomo.clustering_zmin[2] = 0.379,tomo.clustering_zmax[2] = 0.986
[2022-10-06 21:18:55] [[32minfo[0m][0m [90m/gpfs/home/kuzhong/work/cocoa_gg_split/Cocoa/external_modules/code/cosmolike/redshift_spline.c:1428:[0m tomo.clustering_zmin[0] = 0.053,tomo.clustering_zmax[0] = 0.589
[2022-10-06 21:18:55] [[32minfo[0m][0m [90m/gpfs/home/kuzhong/work/cocoa_gg_split/Cocoa/external_modules/code/cosmolike/redshift_spline.c:1428:[0m tomo.clustering_zmin[1] = 0.239,tomo.clustering_zmax[1] = 0.799
[2022-10-06 21:18:55] [[32minfo[0m][0m [90m/gpfs/home/kuzhong/work/cocoa_gg_split/Cocoa/external_modules/code/cosmolike/redshift_spline.c:1428:[0m tomo.clustering_zmin[2] = 0.379,tomo.clustering_zmax[2] = 0.986
[2022-10-06 21:18:55] [[32minfo[0m][0m [90m/gpfs/home/kuzhong/work/cocoa_gg_split/Cocoa/external_modules/code/cosmolike/redshift_spline.c:1428:[0m tomo.clustering_zmin[3] = 0.519,tomo.clustering_zmax[3] = 1.208
[2022-10-06 21:18:55] [[32minfo[0m][0m [90m/gpfs/home/kuzhong/work/cocoa_gg_split/Cocoa/external_modules/code/cosmolike/redshift_spline.c:1428:[0m tomo.clustering_zmin[4] = 0.718,tomo.clustering_zmax[4] = 1.488
[2022-10-06 21:18:55] [[32minfo[0m][0m [90m/gpfs/home/kuzhong/work/cocoa_gg_split/Cocoa/external_modules/code/cosmolike/redshift_spline.c:1428:[0m tomo.clustering_zmin[3] = 0.519,tomo.clustering_zmax[3] = 1.208
[2022-10-06 21:18:55] [[32minfo[0m][0m [90m/gpfs/home/kuzhong/work/cocoa_gg_split/Cocoa/external_modules/code/cosmolike/redshift_spline.c:1428:[0m tomo.clustering_zmin[4] = 0.718,tomo.clustering_zmax[4] = 1.488
[2022-10-06 21:18:55] [[32minfo[0m][0m [90m/gpfs/home/kuzhong/work/cocoa_gg_split/Cocoa/external_modules/code/cosmolike/redshift_spline.c:1428:[0m tomo.clustering_zmin[0] = 0.053,tomo.clustering_zmax[0] = 0.589
[2022-10-06 21:18:55] [[32minfo[0m][0m [90m/gpfs/home/kuzhong/work/cocoa_gg_split/Cocoa/external_modules/code/cosmolike/redshift_spline.c:1428:[0m tomo.clustering_zmin[1] = 0.239,tomo.clustering_zmax[1] = 0.799
[2022-10-06 21:18:55] [[32minfo[0m][0m [90m/gpfs/home/kuzhong/work/cocoa_gg_split/Cocoa/external_modules/code/cosmolike/redshift_spline.c:1428:[0m tomo.clustering_zmin[2] = 0.379,tomo.clustering_zmax[2] = 0.986
[2022-10-06 21:18:55] [[32minfo[0m][0m [90m/gpfs/home/kuzhong/work/cocoa_gg_split/Cocoa/external_modules/code/cosmolike/redshift_spline.c:1428:[0m tomo.clustering_zmin[3] = 0.519,tomo.clustering_zmax[3] = 1.208
[2022-10-06 21:18:55] [[32minfo[0m][0m [90m/gpfs/home/kuzhong/work/cocoa_gg_split/Cocoa/external_modules/code/cosmolike/redshift_spline.c:1428:[0m tomo.clustering_zmin[4] = 0.718,tomo.clustering_zmax[4] = 1.488
tomo.clustering_zmin[0] = 0.053,tomo.clustering_zmax[0] = 0.589
[2022-10-06 21:18:55] [[32minfo[0m][0m [90m/gpfs/home/kuzhong/work/cocoa_gg_split/Cocoa/external_modules/code/cosmolike/redshift_spline.c:1428:[0m tomo.clustering_zmin[1] = 0.239,tomo.clustering_zmax[1] = 0.799
[2022-10-06 21:18:55] [[32minfo[0m][0m [90m/gpfs/home/kuzhong/work/cocoa_gg_split/Cocoa/external_modules/code/cosmolike/redshift_spline.c:1428:[0m tomo.clustering_zmin[2] = 0.379,tomo.clustering_zmax[2] = 0.986
[2022-10-06 21:18:55] [[32minfo[0m][0m [90m/gpfs/home/kuzhong/work/cocoa_gg_split/Cocoa/external_modules/code/cosmolike/redshift_spline.c:1428:[0m tomo.clustering_zmin[3] = 0.519,tomo.clustering_zmax[3] = 1.208
[2022-10-06 21:18:55] [[32minfo[0m][0m [90m/gpfs/home/kuzhong/work/cocoa_gg_split/Cocoa/external_modules/code/cosmolike/redshift_spline.c:1428:[0m tomo.clustering_zmin[4] = 0.718,tomo.clustering_zmax[4] = 1.488
